{"/home/travis/build/npmtest/node-npmtest-kue/test.js":{"path":"/home/travis/build/npmtest/node-npmtest-kue/test.js","s":{"1":2,"2":2,"3":2,"4":2,"5":2,"6":2,"7":2,"8":1,"9":2,"10":2,"11":1,"12":1,"13":1,"14":1,"15":2,"16":2,"17":2,"18":2,"19":1,"20":1,"21":2,"22":2,"23":2,"24":1,"25":1,"26":1,"27":1,"28":1,"29":1,"30":1,"31":1,"32":1,"33":1,"34":1,"35":1,"36":1,"37":1,"38":1,"39":2,"40":2,"41":1,"42":2,"43":2,"44":1,"45":2,"46":2,"47":1,"48":2,"49":2,"50":1,"51":1,"52":1,"53":1,"54":1},"b":{"1":[2,1,1,1],"2":[1,1,1,1],"3":[1,1],"4":[1,1],"5":[1,1],"6":[1,1],"7":[1,1],"8":[1,1],"9":[1,1],"10":[1,1,1],"11":[1,1],"12":[1,1],"13":[1,1],"14":[1,1],"15":[1,1],"16":[1,1],"17":[1,1]},"f":{"1":2,"2":2,"3":2,"4":2,"5":2,"6":1,"7":1,"8":1,"9":2,"10":2,"11":2,"12":2,"13":1},"fnMap":{"1":{"name":"(anonymous_1)","line":12,"loc":{"start":{"line":12,"column":1},"end":{"line":12,"column":13}}},"2":{"name":"(anonymous_2)","line":19,"loc":{"start":{"line":19,"column":5},"end":{"line":19,"column":17}}},"3":{"name":"(anonymous_3)","line":23,"loc":{"start":{"line":23,"column":24},"end":{"line":23,"column":36}}},"4":{"name":"(anonymous_4)","line":61,"loc":{"start":{"line":61,"column":5},"end":{"line":61,"column":17}}},"5":{"name":"(anonymous_5)","line":82,"loc":{"start":{"line":82,"column":5},"end":{"line":82,"column":17}}},"6":{"name":"(anonymous_6)","line":91,"loc":{"start":{"line":91,"column":77},"end":{"line":94,"column":10}}},"7":{"name":"(anonymous_7)","line":112,"loc":{"start":{"line":112,"column":83},"end":{"line":115,"column":10}},"skip":true},"8":{"name":"(anonymous_8)","line":123,"loc":{"start":{"line":123,"column":77},"end":{"line":126,"column":10}},"skip":true},"9":{"name":"(anonymous_9)","line":139,"loc":{"start":{"line":139,"column":12},"end":{"line":139,"column":40}},"skip":true},"10":{"name":"(anonymous_10)","line":147,"loc":{"start":{"line":147,"column":77},"end":{"line":150,"column":10}},"skip":true},"11":{"name":"(anonymous_11)","line":158,"loc":{"start":{"line":158,"column":83},"end":{"line":161,"column":10}},"skip":true},"12":{"name":"(anonymous_12)","line":169,"loc":{"start":{"line":169,"column":79},"end":{"line":172,"column":10}},"skip":true},"13":{"name":"(anonymous_13)","line":180,"loc":{"start":{"line":180,"column":75},"end":{"line":183,"column":10}},"skip":true}},"statementMap":{"1":{"start":{"line":12,"column":0},"end":{"line":195,"column":5}},"2":{"start":{"line":14,"column":4},"end":{"line":14,"column":14}},"3":{"start":{"line":19,"column":4},"end":{"line":56,"column":9}},"4":{"start":{"line":21,"column":8},"end":{"line":21,"column":19}},"5":{"start":{"line":23,"column":8},"end":{"line":35,"column":13}},"6":{"start":{"line":24,"column":12},"end":{"line":34,"column":13}},"7":{"start":{"line":25,"column":16},"end":{"line":28,"column":30}},"8":{"start":{"line":30,"column":16},"end":{"line":33,"column":27}},"9":{"start":{"line":37,"column":8},"end":{"line":39,"column":21}},"10":{"start":{"line":40,"column":8},"end":{"line":53,"column":9}},"11":{"start":{"line":43,"column":12},"end":{"line":46,"column":14}},"12":{"start":{"line":47,"column":12},"end":{"line":47,"column":18}},"13":{"start":{"line":50,"column":12},"end":{"line":51,"column":46}},"14":{"start":{"line":52,"column":12},"end":{"line":52,"column":18}},"15":{"start":{"line":55,"column":8},"end":{"line":55,"column":35}},"16":{"start":{"line":61,"column":4},"end":{"line":63,"column":9}},"17":{"start":{"line":62,"column":8},"end":{"line":62,"column":15}},"18":{"start":{"line":64,"column":4},"end":{"line":77,"column":5}},"19":{"start":{"line":70,"column":8},"end":{"line":70,"column":14}},"20":{"start":{"line":76,"column":8},"end":{"line":76,"column":14}},"21":{"start":{"line":82,"column":4},"end":{"line":84,"column":9}},"22":{"start":{"line":83,"column":8},"end":{"line":83,"column":15}},"23":{"start":{"line":85,"column":4},"end":{"line":194,"column":5}},"24":{"start":{"line":91,"column":8},"end":{"line":99,"column":10}},"25":{"start":{"line":98,"column":12},"end":{"line":98,"column":35}},"26":{"start":{"line":102,"column":8},"end":{"line":104,"column":63}},"27":{"start":{"line":105,"column":8},"end":{"line":105,"column":14}},"28":{"start":{"line":112,"column":8},"end":{"line":121,"column":10},"skip":true},"29":{"start":{"line":119,"column":12},"end":{"line":119,"column":55},"skip":true},"30":{"start":{"line":120,"column":12},"end":{"line":120,"column":48},"skip":true},"31":{"start":{"line":123,"column":8},"end":{"line":136,"column":10},"skip":true},"32":{"start":{"line":130,"column":12},"end":{"line":130,"column":76},"skip":true},"33":{"start":{"line":131,"column":12},"end":{"line":131,"column":73},"skip":true},"34":{"start":{"line":132,"column":12},"end":{"line":132,"column":74},"skip":true},"35":{"start":{"line":133,"column":12},"end":{"line":133,"column":79},"skip":true},"36":{"start":{"line":134,"column":12},"end":{"line":134,"column":25},"skip":true},"37":{"start":{"line":135,"column":12},"end":{"line":135,"column":45},"skip":true},"38":{"start":{"line":138,"column":8},"end":{"line":145,"column":14},"skip":true},"39":{"start":{"line":143,"column":16},"end":{"line":143,"column":29},"skip":true},"40":{"start":{"line":144,"column":16},"end":{"line":144,"column":55},"skip":true},"41":{"start":{"line":147,"column":8},"end":{"line":156,"column":10},"skip":true},"42":{"start":{"line":154,"column":12},"end":{"line":154,"column":25},"skip":true},"43":{"start":{"line":155,"column":12},"end":{"line":155,"column":45},"skip":true},"44":{"start":{"line":158,"column":8},"end":{"line":167,"column":10},"skip":true},"45":{"start":{"line":165,"column":12},"end":{"line":165,"column":25},"skip":true},"46":{"start":{"line":166,"column":12},"end":{"line":166,"column":48},"skip":true},"47":{"start":{"line":169,"column":8},"end":{"line":178,"column":10},"skip":true},"48":{"start":{"line":176,"column":12},"end":{"line":176,"column":25},"skip":true},"49":{"start":{"line":177,"column":12},"end":{"line":177,"column":46},"skip":true},"50":{"start":{"line":180,"column":8},"end":{"line":189,"column":10},"skip":true},"51":{"start":{"line":187,"column":12},"end":{"line":187,"column":94},"skip":true},"52":{"start":{"line":188,"column":12},"end":{"line":188,"column":48},"skip":true},"53":{"start":{"line":192,"column":8},"end":{"line":192,"column":35},"skip":true},"54":{"start":{"line":193,"column":8},"end":{"line":193,"column":14},"skip":true}},"branchMap":{"1":{"line":25,"type":"binary-expr","locations":[{"start":{"line":25,"column":23},"end":{"line":25,"column":62}},{"start":{"line":26,"column":20},"end":{"line":26,"column":70}},{"start":{"line":27,"column":20},"end":{"line":27,"column":71}},{"start":{"line":28,"column":20},"end":{"line":28,"column":29}}]},"2":{"line":30,"type":"binary-expr","locations":[{"start":{"line":30,"column":23},"end":{"line":30,"column":37}},{"start":{"line":31,"column":20},"end":{"line":31,"column":61}},{"start":{"line":32,"column":20},"end":{"line":32,"column":70}},{"start":{"line":33,"column":20},"end":{"line":33,"column":26}}]},"3":{"line":37,"type":"cond-expr","locations":[{"start":{"line":38,"column":14},"end":{"line":38,"column":20}},{"start":{"line":39,"column":14},"end":{"line":39,"column":20}}]},"4":{"line":40,"type":"switch","locations":[{"start":{"line":42,"column":8},"end":{"line":47,"column":18}},{"start":{"line":49,"column":8},"end":{"line":52,"column":18}}]},"5":{"line":44,"type":"binary-expr","locations":[{"start":{"line":44,"column":16},"end":{"line":44,"column":44}},{"start":{"line":44,"column":48},"end":{"line":44,"column":66}}]},"6":{"line":50,"type":"binary-expr","locations":[{"start":{"line":50,"column":21},"end":{"line":50,"column":49}},{"start":{"line":50,"column":53},"end":{"line":50,"column":72}}]},"7":{"line":64,"type":"switch","locations":[{"start":{"line":69,"column":4},"end":{"line":70,"column":14}},{"start":{"line":75,"column":4},"end":{"line":76,"column":14}}]},"8":{"line":85,"type":"switch","locations":[{"start":{"line":90,"column":4},"end":{"line":105,"column":14}},{"start":{"line":111,"column":4},"end":{"line":193,"column":14},"skip":true}]},"9":{"line":91,"type":"binary-expr","locations":[{"start":{"line":91,"column":42},"end":{"line":91,"column":73}},{"start":{"line":91,"column":77},"end":{"line":99,"column":9}}]},"10":{"line":102,"type":"binary-expr","locations":[{"start":{"line":102,"column":18},"end":{"line":102,"column":32}},{"start":{"line":103,"column":12},"end":{"line":103,"column":53}},{"start":{"line":104,"column":12},"end":{"line":104,"column":61}}]},"11":{"line":112,"type":"binary-expr","locations":[{"start":{"line":112,"column":45},"end":{"line":112,"column":79},"skip":true},{"start":{"line":112,"column":83},"end":{"line":121,"column":9},"skip":true}]},"12":{"line":123,"type":"binary-expr","locations":[{"start":{"line":123,"column":42},"end":{"line":123,"column":73},"skip":true},{"start":{"line":123,"column":77},"end":{"line":136,"column":9},"skip":true}]},"13":{"line":138,"type":"binary-expr","locations":[{"start":{"line":138,"column":48},"end":{"line":138,"column":85},"skip":true},{"start":{"line":139,"column":12},"end":{"line":145,"column":13},"skip":true}]},"14":{"line":147,"type":"binary-expr","locations":[{"start":{"line":147,"column":42},"end":{"line":147,"column":73},"skip":true},{"start":{"line":147,"column":77},"end":{"line":156,"column":9},"skip":true}]},"15":{"line":158,"type":"binary-expr","locations":[{"start":{"line":158,"column":45},"end":{"line":158,"column":79},"skip":true},{"start":{"line":158,"column":83},"end":{"line":167,"column":9},"skip":true}]},"16":{"line":169,"type":"binary-expr","locations":[{"start":{"line":169,"column":43},"end":{"line":169,"column":75},"skip":true},{"start":{"line":169,"column":79},"end":{"line":178,"column":9},"skip":true}]},"17":{"line":180,"type":"binary-expr","locations":[{"start":{"line":180,"column":41},"end":{"line":180,"column":71},"skip":true},{"start":{"line":180,"column":75},"end":{"line":189,"column":9},"skip":true}]}},"code":["/* istanbul instrument in package npmtest_kue */","/*jslint","    bitwise: true,","    browser: true,","    maxerr: 8,","    maxlen: 96,","    node: true,","    nomen: true,","    regexp: true,","    stupid: true","*/","(function () {","    'use strict';","    var local;","","","","    // run shared js-env code - pre-init","    (function () {","        // init local","        local = {};","        // init modeJs","        local.modeJs = (function () {","            try {","                return typeof navigator.userAgent === 'string' &&","                    typeof document.querySelector('body') === 'object' &&","                    typeof XMLHttpRequest.prototype.open === 'function' &&","                    'browser';","            } catch (errorCaughtBrowser) {","                return module.exports &&","                    typeof process.versions.node === 'string' &&","                    typeof require('http').createServer === 'function' &&","                    'node';","            }","        }());","        // init global","        local.global = local.modeJs === 'browser'","            ? window","            : global;","        switch (local.modeJs) {","        // re-init local from window.local","        case 'browser':","            local = local.global.utility2.objectSetDefault(","                local.global.utility2_rollup || local.global.local,","                local.global.utility2","            );","            break;","        // re-init local from example.js","        case 'node':","            local = (local.global.utility2_rollup || require('utility2'))","                .requireExampleJsFromReadme();","            break;","        }","        // export local","        local.global.local = local;","    }());","","","","    // run shared js-env code - function","    (function () {","        return;","    }());","    switch (local.modeJs) {","","","","    // run browser js-env code - function","    case 'browser':","        break;","","","","    // run node js-env code - function","    case 'node':","        break;","    }","","","","    // run shared js-env code - post-init","    (function () {","        return;","    }());","    switch (local.modeJs) {","","","","    // run browser js-env code - post-init","    case 'browser':","        local.testCase_browser_nullCase = local.testCase_browser_nullCase || function (","            options,","            onError","        ) {","        /*","         * this function will test browsers's null-case handling-behavior-behavior","         */","            onError(null, options);","        };","","        // run tests","        local.nop(local.modeTest &&","            document.querySelector('#testRunButton1') &&","            document.querySelector('#testRunButton1').click());","        break;","","","","    // run node js-env code - post-init","    /* istanbul ignore next */","    case 'node':","        local.testCase_buildApidoc_default = local.testCase_buildApidoc_default || function (","            options,","            onError","        ) {","        /*","         * this function will test buildApidoc's default handling-behavior-behavior","         */","            options = { modulePathList: module.paths };","            local.buildApidoc(options, onError);","        };","","        local.testCase_buildApp_default = local.testCase_buildApp_default || function (","            options,","            onError","        ) {","        /*","         * this function will test buildApp's default handling-behavior-behavior","         */","            local.testCase_buildReadme_default(options, local.onErrorThrow);","            local.testCase_buildLib_default(options, local.onErrorThrow);","            local.testCase_buildTest_default(options, local.onErrorThrow);","            local.testCase_buildCustomOrg_default(options, local.onErrorThrow);","            options = [];","            local.buildApp(options, onError);","        };","","        local.testCase_buildCustomOrg_default = local.testCase_buildCustomOrg_default ||","            function (options, onError) {","            /*","             * this function will test buildCustomOrg's default handling-behavior","             */","                options = {};","                local.buildCustomOrg(options, onError);","            };","","        local.testCase_buildLib_default = local.testCase_buildLib_default || function (","            options,","            onError","        ) {","        /*","         * this function will test buildLib's default handling-behavior","         */","            options = {};","            local.buildLib(options, onError);","        };","","        local.testCase_buildReadme_default = local.testCase_buildReadme_default || function (","            options,","            onError","        ) {","        /*","         * this function will test buildReadme's default handling-behavior-behavior","         */","            options = {};","            local.buildReadme(options, onError);","        };","","        local.testCase_buildTest_default = local.testCase_buildTest_default || function (","            options,","            onError","        ) {","        /*","         * this function will test buildTest's default handling-behavior","         */","            options = {};","            local.buildTest(options, onError);","        };","","        local.testCase_webpage_default = local.testCase_webpage_default || function (","            options,","            onError","        ) {","        /*","         * this function will test webpage's default handling-behavior","         */","            options = { modeCoverageMerge: true, url: local.serverLocalHost + '?modeTest=1' };","            local.browserTest(options, onError);","        };","","        // run test-server","        local.testRunServer(local);","        break;","    }","}());",""],"l":{"12":2,"14":2,"19":2,"21":2,"23":2,"24":2,"25":2,"30":1,"37":2,"40":2,"43":1,"47":1,"50":1,"52":1,"55":2,"61":2,"62":2,"64":2,"70":1,"76":1,"82":2,"83":2,"85":2,"91":1,"98":1,"102":1,"105":1,"112":1,"119":1,"120":1,"123":1,"130":1,"131":1,"132":1,"133":1,"134":1,"135":1,"138":1,"143":2,"144":2,"147":1,"154":2,"155":2,"158":1,"165":2,"166":2,"169":1,"176":2,"177":2,"180":1,"187":1,"188":1,"192":1,"193":1}},"/home/travis/build/npmtest/node-npmtest-kue/lib.npmtest_kue.js":{"path":"/home/travis/build/npmtest/node-npmtest-kue/lib.npmtest_kue.js","s":{"1":2,"2":2,"3":2,"4":2,"5":2,"6":2,"7":2,"8":1,"9":2,"10":2,"11":2,"12":2,"13":1,"14":1,"15":1,"16":1},"b":{"1":[2,1,1,1],"2":[1,1,1,1],"3":[1,1],"4":[2,2],"5":[1,1]},"f":{"1":2,"2":2,"3":2},"fnMap":{"1":{"name":"(anonymous_1)","line":12,"loc":{"start":{"line":12,"column":1},"end":{"line":12,"column":13}}},"2":{"name":"(anonymous_2)","line":19,"loc":{"start":{"line":19,"column":5},"end":{"line":19,"column":17}}},"3":{"name":"(anonymous_3)","line":23,"loc":{"start":{"line":23,"column":24},"end":{"line":23,"column":36}}}},"statementMap":{"1":{"start":{"line":12,"column":0},"end":{"line":53,"column":5}},"2":{"start":{"line":14,"column":4},"end":{"line":14,"column":14}},"3":{"start":{"line":19,"column":4},"end":{"line":52,"column":9}},"4":{"start":{"line":21,"column":8},"end":{"line":21,"column":19}},"5":{"start":{"line":23,"column":8},"end":{"line":35,"column":13}},"6":{"start":{"line":24,"column":12},"end":{"line":34,"column":13}},"7":{"start":{"line":25,"column":16},"end":{"line":28,"column":30}},"8":{"start":{"line":30,"column":16},"end":{"line":33,"column":27}},"9":{"start":{"line":37,"column":8},"end":{"line":39,"column":21}},"10":{"start":{"line":41,"column":8},"end":{"line":41,"column":54}},"11":{"start":{"line":43,"column":8},"end":{"line":43,"column":48}},"12":{"start":{"line":45,"column":8},"end":{"line":51,"column":9}},"13":{"start":{"line":46,"column":12},"end":{"line":46,"column":54}},"14":{"start":{"line":48,"column":12},"end":{"line":48,"column":35}},"15":{"start":{"line":49,"column":12},"end":{"line":49,"column":49}},"16":{"start":{"line":50,"column":12},"end":{"line":50,"column":43}}},"branchMap":{"1":{"line":25,"type":"binary-expr","locations":[{"start":{"line":25,"column":23},"end":{"line":25,"column":62}},{"start":{"line":26,"column":20},"end":{"line":26,"column":70}},{"start":{"line":27,"column":20},"end":{"line":27,"column":71}},{"start":{"line":28,"column":20},"end":{"line":28,"column":29}}]},"2":{"line":30,"type":"binary-expr","locations":[{"start":{"line":30,"column":23},"end":{"line":30,"column":37}},{"start":{"line":31,"column":20},"end":{"line":31,"column":61}},{"start":{"line":32,"column":20},"end":{"line":32,"column":70}},{"start":{"line":33,"column":20},"end":{"line":33,"column":26}}]},"3":{"line":37,"type":"cond-expr","locations":[{"start":{"line":38,"column":14},"end":{"line":38,"column":20}},{"start":{"line":39,"column":14},"end":{"line":39,"column":20}}]},"4":{"line":41,"type":"binary-expr","locations":[{"start":{"line":41,"column":16},"end":{"line":41,"column":44}},{"start":{"line":41,"column":48},"end":{"line":41,"column":53}}]},"5":{"line":45,"type":"if","locations":[{"start":{"line":45,"column":8},"end":{"line":45,"column":8}},{"start":{"line":45,"column":8},"end":{"line":45,"column":8}}]}},"code":["/* istanbul instrument in package npmtest_kue */","/*jslint","    bitwise: true,","    browser: true,","    maxerr: 8,","    maxlen: 96,","    node: true,","    nomen: true,","    regexp: true,","    stupid: true","*/","(function () {","    'use strict';","    var local;","","","","    // run shared js-env code - pre-init","    (function () {","        // init local","        local = {};","        // init modeJs","        local.modeJs = (function () {","            try {","                return typeof navigator.userAgent === 'string' &&","                    typeof document.querySelector('body') === 'object' &&","                    typeof XMLHttpRequest.prototype.open === 'function' &&","                    'browser';","            } catch (errorCaughtBrowser) {","                return module.exports &&","                    typeof process.versions.node === 'string' &&","                    typeof require('http').createServer === 'function' &&","                    'node';","            }","        }());","        // init global","        local.global = local.modeJs === 'browser'","            ? window","            : global;","        // init utility2_rollup","        local = local.global.utility2_rollup || local;","        // init lib","        local.local = local.npmtest_kue = local;","        // init exports","        if (local.modeJs === 'browser') {","            local.global.utility2_npmtest_kue = local;","        } else {","            module.exports = local;","            module.exports.__dirname = __dirname;","            module.exports.module = module;","        }","    }());","}());",""],"l":{"12":2,"14":2,"19":2,"21":2,"23":2,"24":2,"25":2,"30":1,"37":2,"41":2,"43":2,"45":2,"46":1,"48":1,"49":1,"50":1}},"/home/travis/build/npmtest/node-npmtest-kue/example.js":{"path":"/home/travis/build/npmtest/node-npmtest-kue/example.js","s":{"1":2,"2":2,"3":2,"4":2,"5":2,"6":2,"7":2,"8":1,"9":2,"10":2,"11":2,"12":2,"13":1,"14":2,"15":2,"16":2,"17":2,"18":2,"19":0,"20":2,"21":1,"22":1,"23":1,"24":1,"25":1,"26":0,"27":0,"28":1,"29":1,"30":2,"31":0,"32":0,"33":0,"34":1,"35":2,"36":2,"37":3,"38":3,"39":3,"40":3,"41":0,"42":3,"43":3,"44":3,"45":1,"46":3,"47":1,"48":1,"49":1,"50":1,"51":1,"52":1,"53":1,"54":1,"55":1,"56":1,"57":0,"58":1,"59":6,"60":6,"61":1,"62":2,"63":0,"64":2,"65":1,"66":1,"67":0,"68":0,"69":0,"70":0,"71":0,"72":0,"73":0,"74":0,"75":0,"76":0,"77":0,"78":0,"79":0,"80":0,"81":0,"82":0,"83":0},"b":{"1":[2,1,1,1],"2":[1,1,1,1],"3":[1,1],"4":[2,2],"5":[1,1],"6":[1,1],"7":[2,0],"8":[2,1,1,1,1,1],"9":[0,2,0],"10":[1,1],"11":[2,1,1],"12":[1,0],"13":[0,2],"14":[2,0,0,0,0,0,0],"15":[0,3],"16":[3,0],"17":[1,1],"18":[0,1],"19":[1,2,0,2],"20":[1,0],"21":[1,1],"22":[0,0],"23":[0,0],"24":[0,0],"25":[0,0],"26":[0,0],"27":[0,0],"28":[0,0]},"f":{"1":2,"2":2,"3":2,"4":2,"5":2,"6":2,"7":3,"8":3,"9":3,"10":1,"11":6,"12":0},"fnMap":{"1":{"name":"(anonymous_1)","line":26,"loc":{"start":{"line":26,"column":1},"end":{"line":26,"column":13}}},"2":{"name":"(anonymous_2)","line":33,"loc":{"start":{"line":33,"column":5},"end":{"line":33,"column":17}}},"3":{"name":"(anonymous_3)","line":37,"loc":{"start":{"line":37,"column":24},"end":{"line":37,"column":36}}},"4":{"name":"(anonymous_4)","line":69,"loc":{"start":{"line":69,"column":31},"end":{"line":69,"column":48}},"skip":true},"5":{"name":"(anonymous_5)","line":78,"loc":{"start":{"line":78,"column":26},"end":{"line":78,"column":45}},"skip":true},"6":{"name":"(anonymous_6)","line":123,"loc":{"start":{"line":123,"column":33},"end":{"line":123,"column":48}},"skip":true},"7":{"name":"(anonymous_7)","line":125,"loc":{"start":{"line":125,"column":27},"end":{"line":125,"column":39}},"skip":true},"8":{"name":"(anonymous_8)","line":133,"loc":{"start":{"line":133,"column":59},"end":{"line":133,"column":74}},"skip":true},"9":{"name":"(anonymous_9)","line":143,"loc":{"start":{"line":143,"column":45},"end":{"line":143,"column":62}},"skip":true},"10":{"name":"(anonymous_10)","line":144,"loc":{"start":{"line":144,"column":73},"end":{"line":144,"column":92}},"skip":true},"11":{"name":"(anonymous_11)","line":272,"loc":{"start":{"line":272,"column":51},"end":{"line":272,"column":77}},"skip":true},"12":{"name":"(anonymous_12)","line":315,"loc":{"start":{"line":315,"column":32},"end":{"line":315,"column":61}},"skip":true}},"statementMap":{"1":{"start":{"line":26,"column":0},"end":{"line":326,"column":5}},"2":{"start":{"line":28,"column":4},"end":{"line":28,"column":14}},"3":{"start":{"line":33,"column":4},"end":{"line":60,"column":9}},"4":{"start":{"line":35,"column":8},"end":{"line":35,"column":19}},"5":{"start":{"line":37,"column":8},"end":{"line":49,"column":13}},"6":{"start":{"line":38,"column":12},"end":{"line":48,"column":13}},"7":{"start":{"line":39,"column":16},"end":{"line":42,"column":30}},"8":{"start":{"line":44,"column":16},"end":{"line":47,"column":27}},"9":{"start":{"line":51,"column":8},"end":{"line":53,"column":21}},"10":{"start":{"line":55,"column":8},"end":{"line":57,"column":45}},"11":{"start":{"line":59,"column":8},"end":{"line":59,"column":35}},"12":{"start":{"line":61,"column":4},"end":{"line":325,"column":5}},"13":{"start":{"line":69,"column":8},"end":{"line":121,"column":10},"skip":true},"14":{"start":{"line":70,"column":12},"end":{"line":88,"column":13},"skip":true},"15":{"start":{"line":76,"column":16},"end":{"line":87,"column":19},"skip":true},"16":{"start":{"line":79,"column":20},"end":{"line":86,"column":21},"skip":true},"17":{"start":{"line":82,"column":24},"end":{"line":82,"column":43},"skip":true},"18":{"start":{"line":83,"column":24},"end":{"line":83,"column":30},"skip":true},"19":{"start":{"line":85,"column":24},"end":{"line":85,"column":49},"skip":true},"20":{"start":{"line":89,"column":12},"end":{"line":107,"column":13},"skip":true},"21":{"start":{"line":92,"column":16},"end":{"line":102,"column":17},"skip":true},"22":{"start":{"line":93,"column":20},"end":{"line":93,"column":86},"skip":true},"23":{"start":{"line":94,"column":20},"end":{"line":95,"column":45},"skip":true},"24":{"start":{"line":96,"column":20},"end":{"line":96,"column":42},"skip":true},"25":{"start":{"line":97,"column":20},"end":{"line":97,"column":48},"skip":true},"26":{"start":{"line":100,"column":20},"end":{"line":100,"column":85},"skip":true},"27":{"start":{"line":101,"column":20},"end":{"line":101,"column":96},"skip":true},"28":{"start":{"line":103,"column":16},"end":{"line":103,"column":22},"skip":true},"29":{"start":{"line":106,"column":16},"end":{"line":106,"column":22},"skip":true},"30":{"start":{"line":108,"column":12},"end":{"line":120,"column":13},"skip":true},"31":{"start":{"line":114,"column":16},"end":{"line":119,"column":17},"skip":true},"32":{"start":{"line":116,"column":20},"end":{"line":116,"column":78},"skip":true},"33":{"start":{"line":118,"column":20},"end":{"line":118,"column":47},"skip":true},"34":{"start":{"line":123,"column":8},"end":{"line":141,"column":11},"skip":true},"35":{"start":{"line":124,"column":12},"end":{"line":124,"column":54},"skip":true},"36":{"start":{"line":125,"column":12},"end":{"line":140,"column":14},"skip":true},"37":{"start":{"line":126,"column":16},"end":{"line":126,"column":28},"skip":true},"38":{"start":{"line":127,"column":16},"end":{"line":127,"column":69},"skip":true},"39":{"start":{"line":128,"column":16},"end":{"line":128,"column":75},"skip":true},"40":{"start":{"line":129,"column":16},"end":{"line":131,"column":17},"skip":true},"41":{"start":{"line":130,"column":20},"end":{"line":130,"column":27},"skip":true},"42":{"start":{"line":133,"column":16},"end":{"line":137,"column":36},"skip":true},"43":{"start":{"line":134,"column":20},"end":{"line":136,"column":55},"skip":true},"44":{"start":{"line":139,"column":16},"end":{"line":139,"column":57},"skip":true},"45":{"start":{"line":143,"column":8},"end":{"line":147,"column":11},"skip":true},"46":{"start":{"line":144,"column":12},"end":{"line":146,"column":15},"skip":true},"47":{"start":{"line":145,"column":16},"end":{"line":145,"column":70},"skip":true},"48":{"start":{"line":149,"column":8},"end":{"line":149,"column":31},"skip":true},"49":{"start":{"line":150,"column":8},"end":{"line":150,"column":14},"skip":true},"50":{"start":{"line":158,"column":8},"end":{"line":158,"column":31},"skip":true},"51":{"start":{"line":160,"column":8},"end":{"line":160,"column":33},"skip":true},"52":{"start":{"line":161,"column":8},"end":{"line":161,"column":37},"skip":true},"53":{"start":{"line":162,"column":8},"end":{"line":162,"column":35},"skip":true},"54":{"start":{"line":164,"column":8},"end":{"line":164,"column":50},"skip":true},"55":{"start":{"line":166,"column":8},"end":{"line":256,"column":2},"skip":true},"56":{"start":{"line":258,"column":8},"end":{"line":286,"column":9},"skip":true},"57":{"start":{"line":259,"column":12},"end":{"line":269,"column":14},"skip":true},"58":{"start":{"line":271,"column":12},"end":{"line":285,"column":19},"skip":true},"59":{"start":{"line":274,"column":20},"end":{"line":274,"column":35},"skip":true},"60":{"start":{"line":275,"column":20},"end":{"line":284,"column":21},"skip":true},"61":{"start":{"line":277,"column":24},"end":{"line":277,"column":64},"skip":true},"62":{"start":{"line":279,"column":24},"end":{"line":279,"column":40},"skip":true},"63":{"start":{"line":281,"column":24},"end":{"line":281,"column":40},"skip":true},"64":{"start":{"line":283,"column":24},"end":{"line":283,"column":39},"skip":true},"65":{"start":{"line":288,"column":8},"end":{"line":290,"column":9},"skip":true},"66":{"start":{"line":289,"column":12},"end":{"line":289,"column":18},"skip":true},"67":{"start":{"line":291,"column":8},"end":{"line":293,"column":54},"skip":true},"68":{"start":{"line":296,"column":8},"end":{"line":301,"column":37},"skip":true},"69":{"start":{"line":303,"column":8},"end":{"line":303,"column":82},"skip":true},"70":{"start":{"line":306,"column":8},"end":{"line":308,"column":9},"skip":true},"71":{"start":{"line":307,"column":12},"end":{"line":307,"column":82},"skip":true},"72":{"start":{"line":310,"column":8},"end":{"line":312,"column":9},"skip":true},"73":{"start":{"line":311,"column":12},"end":{"line":311,"column":18},"skip":true},"74":{"start":{"line":313,"column":8},"end":{"line":313,"column":54},"skip":true},"75":{"start":{"line":314,"column":8},"end":{"line":314,"column":69},"skip":true},"76":{"start":{"line":315,"column":8},"end":{"line":323,"column":36},"skip":true},"77":{"start":{"line":316,"column":12},"end":{"line":316,"column":61},"skip":true},"78":{"start":{"line":317,"column":12},"end":{"line":320,"column":13},"skip":true},"79":{"start":{"line":318,"column":16},"end":{"line":318,"column":75},"skip":true},"80":{"start":{"line":319,"column":16},"end":{"line":319,"column":23},"skip":true},"81":{"start":{"line":321,"column":12},"end":{"line":321,"column":38},"skip":true},"82":{"start":{"line":322,"column":12},"end":{"line":322,"column":27},"skip":true},"83":{"start":{"line":324,"column":8},"end":{"line":324,"column":14},"skip":true}},"branchMap":{"1":{"line":39,"type":"binary-expr","locations":[{"start":{"line":39,"column":23},"end":{"line":39,"column":62}},{"start":{"line":40,"column":20},"end":{"line":40,"column":70}},{"start":{"line":41,"column":20},"end":{"line":41,"column":71}},{"start":{"line":42,"column":20},"end":{"line":42,"column":29}}]},"2":{"line":44,"type":"binary-expr","locations":[{"start":{"line":44,"column":23},"end":{"line":44,"column":37}},{"start":{"line":45,"column":20},"end":{"line":45,"column":61}},{"start":{"line":46,"column":20},"end":{"line":46,"column":70}},{"start":{"line":47,"column":20},"end":{"line":47,"column":26}}]},"3":{"line":51,"type":"cond-expr","locations":[{"start":{"line":52,"column":14},"end":{"line":52,"column":20}},{"start":{"line":53,"column":14},"end":{"line":53,"column":20}}]},"4":{"line":55,"type":"binary-expr","locations":[{"start":{"line":55,"column":16},"end":{"line":55,"column":44}},{"start":{"line":55,"column":49},"end":{"line":57,"column":43}}]},"5":{"line":55,"type":"cond-expr","locations":[{"start":{"line":56,"column":14},"end":{"line":56,"column":47}},{"start":{"line":57,"column":14},"end":{"line":57,"column":43}}]},"6":{"line":61,"type":"switch","locations":[{"start":{"line":68,"column":4},"end":{"line":150,"column":14},"skip":true},{"start":{"line":156,"column":4},"end":{"line":324,"column":14},"skip":true}]},"7":{"line":70,"type":"if","locations":[{"start":{"line":70,"column":12},"end":{"line":70,"column":12},"skip":true},{"start":{"line":70,"column":12},"end":{"line":70,"column":12},"skip":true}]},"8":{"line":70,"type":"binary-expr","locations":[{"start":{"line":70,"column":16},"end":{"line":70,"column":22},"skip":true},{"start":{"line":70,"column":27},"end":{"line":70,"column":32},"skip":true},{"start":{"line":71,"column":20},"end":{"line":71,"column":39},"skip":true},{"start":{"line":72,"column":20},"end":{"line":72,"column":49},"skip":true},{"start":{"line":73,"column":20},"end":{"line":73,"column":58},"skip":true},{"start":{"line":74,"column":20},"end":{"line":74,"column":69},"skip":true}]},"9":{"line":79,"type":"switch","locations":[{"start":{"line":80,"column":20},"end":{"line":80,"column":33},"skip":true},{"start":{"line":81,"column":20},"end":{"line":83,"column":30},"skip":true},{"start":{"line":84,"column":20},"end":{"line":85,"column":49},"skip":true}]},"10":{"line":89,"type":"switch","locations":[{"start":{"line":90,"column":12},"end":{"line":103,"column":22},"skip":true},{"start":{"line":105,"column":12},"end":{"line":106,"column":22},"skip":true}]},"11":{"line":89,"type":"binary-expr","locations":[{"start":{"line":89,"column":20},"end":{"line":89,"column":25},"skip":true},{"start":{"line":89,"column":29},"end":{"line":89,"column":48},"skip":true},{"start":{"line":89,"column":52},"end":{"line":89,"column":74},"skip":true}]},"12":{"line":92,"type":"if","locations":[{"start":{"line":92,"column":16},"end":{"line":92,"column":16},"skip":true},{"start":{"line":92,"column":16},"end":{"line":92,"column":16},"skip":true}]},"13":{"line":108,"type":"if","locations":[{"start":{"line":108,"column":12},"end":{"line":108,"column":12},"skip":true},{"start":{"line":108,"column":12},"end":{"line":108,"column":12},"skip":true}]},"14":{"line":108,"type":"binary-expr","locations":[{"start":{"line":108,"column":16},"end":{"line":108,"column":61},"skip":true},{"start":{"line":108,"column":66},"end":{"line":108,"column":72},"skip":true},{"start":{"line":108,"column":77},"end":{"line":108,"column":82},"skip":true},{"start":{"line":109,"column":20},"end":{"line":109,"column":39},"skip":true},{"start":{"line":110,"column":20},"end":{"line":110,"column":49},"skip":true},{"start":{"line":111,"column":20},"end":{"line":111,"column":58},"skip":true},{"start":{"line":112,"column":20},"end":{"line":112,"column":68},"skip":true}]},"15":{"line":129,"type":"if","locations":[{"start":{"line":129,"column":16},"end":{"line":129,"column":16},"skip":true},{"start":{"line":129,"column":16},"end":{"line":129,"column":16},"skip":true}]},"16":{"line":134,"type":"cond-expr","locations":[{"start":{"line":135,"column":26},"end":{"line":135,"column":29},"skip":true},{"start":{"line":136,"column":26},"end":{"line":136,"column":54},"skip":true}]},"17":{"line":164,"type":"binary-expr","locations":[{"start":{"line":164,"column":27},"end":{"line":164,"column":43},"skip":true},{"start":{"line":164,"column":47},"end":{"line":164,"column":49},"skip":true}]},"18":{"line":258,"type":"if","locations":[{"start":{"line":258,"column":8},"end":{"line":258,"column":8},"skip":true},{"start":{"line":258,"column":8},"end":{"line":258,"column":8},"skip":true}]},"19":{"line":275,"type":"switch","locations":[{"start":{"line":276,"column":20},"end":{"line":277,"column":64},"skip":true},{"start":{"line":278,"column":20},"end":{"line":279,"column":40},"skip":true},{"start":{"line":280,"column":20},"end":{"line":281,"column":40},"skip":true},{"start":{"line":282,"column":20},"end":{"line":283,"column":39},"skip":true}]},"20":{"line":288,"type":"if","locations":[{"start":{"line":288,"column":8},"end":{"line":288,"column":8},"skip":true},{"start":{"line":288,"column":8},"end":{"line":288,"column":8},"skip":true}]},"21":{"line":288,"type":"binary-expr","locations":[{"start":{"line":288,"column":12},"end":{"line":288,"column":40},"skip":true},{"start":{"line":288,"column":44},"end":{"line":288,"column":67},"skip":true}]},"22":{"line":292,"type":"binary-expr","locations":[{"start":{"line":292,"column":12},"end":{"line":292,"column":50},"skip":true},{"start":{"line":293,"column":12},"end":{"line":293,"column":53},"skip":true}]},"23":{"line":297,"type":"binary-expr","locations":[{"start":{"line":297,"column":12},"end":{"line":297,"column":61},"skip":true},{"start":{"line":298,"column":12},"end":{"line":301,"column":36},"skip":true}]},"24":{"line":303,"type":"binary-expr","locations":[{"start":{"line":303,"column":43},"end":{"line":303,"column":75},"skip":true},{"start":{"line":303,"column":79},"end":{"line":303,"column":81},"skip":true}]},"25":{"line":306,"type":"if","locations":[{"start":{"line":306,"column":8},"end":{"line":306,"column":8},"skip":true},{"start":{"line":306,"column":8},"end":{"line":306,"column":8},"skip":true}]},"26":{"line":310,"type":"if","locations":[{"start":{"line":310,"column":8},"end":{"line":310,"column":8},"skip":true},{"start":{"line":310,"column":8},"end":{"line":310,"column":8},"skip":true}]},"27":{"line":313,"type":"binary-expr","locations":[{"start":{"line":313,"column":27},"end":{"line":313,"column":43},"skip":true},{"start":{"line":313,"column":47},"end":{"line":313,"column":53},"skip":true}]},"28":{"line":317,"type":"if","locations":[{"start":{"line":317,"column":12},"end":{"line":317,"column":12},"skip":true},{"start":{"line":317,"column":12},"end":{"line":317,"column":12},"skip":true}]}},"code":["/*","example.js","","quickstart example","","instruction","    1. save this script as example.js","    2. run the shell command:","        $ npm install npmtest-kue && PORT=8081 node example.js","    3. play with the browser-demo on http://127.0.0.1:8081","*/","","","","/* istanbul instrument in package npmtest_kue */","/*jslint","    bitwise: true,","    browser: true,","    maxerr: 8,","    maxlen: 96,","    node: true,","    nomen: true,","    regexp: true,","    stupid: true","*/","(function () {","    'use strict';","    var local;","","","","    // run shared js-env code - pre-init","    (function () {","        // init local","        local = {};","        // init modeJs","        local.modeJs = (function () {","            try {","                return typeof navigator.userAgent === 'string' &&","                    typeof document.querySelector('body') === 'object' &&","                    typeof XMLHttpRequest.prototype.open === 'function' &&","                    'browser';","            } catch (errorCaughtBrowser) {","                return module.exports &&","                    typeof process.versions.node === 'string' &&","                    typeof require('http').createServer === 'function' &&","                    'node';","            }","        }());","        // init global","        local.global = local.modeJs === 'browser'","            ? window","            : global;","        // init utility2_rollup","        local = local.global.utility2_rollup || (local.modeJs === 'browser'","            ? local.global.utility2_npmtest_kue","            : global.utility2_moduleExports);","        // export local","        local.global.local = local;","    }());","    switch (local.modeJs) {","","","","    // post-init","    // run browser js-env code - post-init","    /* istanbul ignore next */","    case 'browser':","        local.testRunBrowser = function (event) {","            if (!event || (event &&","                    event.currentTarget &&","                    event.currentTarget.className &&","                    event.currentTarget.className.includes &&","                    event.currentTarget.className.includes('onreset'))) {","                // reset output","                Array.from(","                    document.querySelectorAll('body > .resettable')","                ).forEach(function (element) {","                    switch (element.tagName) {","                    case 'INPUT':","                    case 'TEXTAREA':","                        element.value = '';","                        break;","                    default:","                        element.textContent = '';","                    }","                });","            }","            switch (event && event.currentTarget && event.currentTarget.id) {","            case 'testRunButton1':","                // show tests","                if (document.querySelector('#testReportDiv1').style.display === 'none') {","                    document.querySelector('#testReportDiv1').style.display = 'block';","                    document.querySelector('#testRunButton1').textContent =","                        'hide internal test';","                    local.modeTest = true;","                    local.testRunDefault(local);","                // hide tests","                } else {","                    document.querySelector('#testReportDiv1').style.display = 'none';","                    document.querySelector('#testRunButton1').textContent = 'run internal test';","                }","                break;","            // custom-case","            default:","                break;","            }","            if (document.querySelector('#inputTextareaEval1') && (!event || (event &&","                    event.currentTarget &&","                    event.currentTarget.className &&","                    event.currentTarget.className.includes &&","                    event.currentTarget.className.includes('oneval')))) {","                // try to eval input-code","                try {","                    /*jslint evil: true*/","                    eval(document.querySelector('#inputTextareaEval1').value);","                } catch (errorCaught) {","                    console.error(errorCaught);","                }","            }","        };","        // log stderr and stdout to #outputTextareaStdout1","        ['error', 'log'].forEach(function (key) {","            console[key + '_original'] = console[key];","            console[key] = function () {","                var element;","                console[key + '_original'].apply(console, arguments);","                element = document.querySelector('#outputTextareaStdout1');","                if (!element) {","                    return;","                }","                // append text to #outputTextareaStdout1","                element.value += Array.from(arguments).map(function (arg) {","                    return typeof arg === 'string'","                        ? arg","                        : JSON.stringify(arg, null, 4);","                }).join(' ') + '\\n';","                // scroll textarea to bottom","                element.scrollTop = element.scrollHeight;","            };","        });","        // init event-handling","        ['change', 'click', 'keyup'].forEach(function (event) {","            Array.from(document.querySelectorAll('.on' + event)).forEach(function (element) {","                element.addEventListener(event, local.testRunBrowser);","            });","        });","        // run tests","        local.testRunBrowser();","        break;","","","","    // run node js-env code - post-init","    /* istanbul ignore next */","    case 'node':","        // export local","        module.exports = local;","        // require modules","        local.fs = require('fs');","        local.http = require('http');","        local.url = require('url');","        // init assets","        local.assetsDict = local.assetsDict || {};","        /* jslint-ignore-begin */","        local.assetsDict['/assets.index.template.html'] = '\\","<!doctype html>\\n\\","<html lang=\"en\">\\n\\","<head>\\n\\","<meta charset=\"UTF-8\">\\n\\","<meta name=\"viewport\" content=\"width=device-width, initial-scale=1\">\\n\\","<title>{{env.npm_package_name}} (v{{env.npm_package_version}})</title>\\n\\","<style>\\n\\","/*csslint\\n\\","    box-sizing: false,\\n\\","    universal-selector: false\\n\\","*/\\n\\","* {\\n\\","    box-sizing: border-box;\\n\\","}\\n\\","body {\\n\\","    background: #dde;\\n\\","    font-family: Arial, Helvetica, sans-serif;\\n\\","    margin: 2rem;\\n\\","}\\n\\","body > * {\\n\\","    margin-bottom: 1rem;\\n\\","}\\n\\",".utility2FooterDiv {\\n\\","    margin-top: 20px;\\n\\","    text-align: center;\\n\\","}\\n\\","</style>\\n\\","<style>\\n\\","/*csslint\\n\\","*/\\n\\","textarea {\\n\\","    font-family: monospace;\\n\\","    height: 10rem;\\n\\","    width: 100%;\\n\\","}\\n\\","textarea[readonly] {\\n\\","    background: #ddd;\\n\\","}\\n\\","</style>\\n\\","</head>\\n\\","<body>\\n\\","<!-- utility2-comment\\n\\","<div id=\"ajaxProgressDiv1\" style=\"background: #d00; height: 2px; left: 0; margin: 0; padding: 0; position: fixed; top: 0; transition: background 0.5s, width 1.5s; width: 25%;\"></div>\\n\\","utility2-comment -->\\n\\","<h1>\\n\\","<!-- utility2-comment\\n\\","    <a\\n\\","        {{#if env.npm_package_homepage}}\\n\\","        href=\"{{env.npm_package_homepage}}\"\\n\\","        {{/if env.npm_package_homepage}}\\n\\","        target=\"_blank\"\\n\\","    >\\n\\","utility2-comment -->\\n\\","        {{env.npm_package_name}} (v{{env.npm_package_version}})\\n\\","<!-- utility2-comment\\n\\","    </a>\\n\\","utility2-comment -->\\n\\","</h1>\\n\\","<h3>{{env.npm_package_description}}</h3>\\n\\","<!-- utility2-comment\\n\\","<h4><a download href=\"assets.app.js\">download standalone app</a></h4>\\n\\","<button class=\"onclick onreset\" id=\"testRunButton1\">run internal test</button><br>\\n\\","<div id=\"testReportDiv1\" style=\"display: none;\"></div>\\n\\","utility2-comment -->\\n\\","\\n\\","\\n\\","\\n\\","<label>stderr and stdout</label>\\n\\","<textarea class=\"resettable\" id=\"outputTextareaStdout1\" readonly></textarea>\\n\\","<!-- utility2-comment\\n\\","{{#if isRollup}}\\n\\","<script src=\"assets.app.js\"></script>\\n\\","{{#unless isRollup}}\\n\\","utility2-comment -->\\n\\","<script src=\"assets.utility2.rollup.js\"></script>\\n\\","<script src=\"jsonp.utility2._stateInit?callback=window.utility2._stateInit\"></script>\\n\\","<script src=\"assets.npmtest_kue.rollup.js\"></script>\\n\\","<script src=\"assets.example.js\"></script>\\n\\","<script src=\"assets.test.js\"></script>\\n\\","<!-- utility2-comment\\n\\","{{/if isRollup}}\\n\\","utility2-comment -->\\n\\","<div class=\"utility2FooterDiv\">\\n\\","    [ this app was created with\\n\\","    <a href=\"https://github.com/kaizhu256/node-utility2\" target=\"_blank\">utility2</a>\\n\\","    ]\\n\\","</div>\\n\\","</body>\\n\\","</html>\\n\\","';","        /* jslint-ignore-end */","        if (local.templateRender) {","            local.assetsDict['/'] = local.templateRender(","                local.assetsDict['/assets.index.template.html'],","                {","                    env: local.objectSetDefault(local.env, {","                        npm_package_description: 'the greatest app in the world!',","                        npm_package_name: 'my-app',","                        npm_package_nameAlias: 'my_app',","                        npm_package_version: '0.0.1'","                    })","                }","            );","        } else {","            local.assetsDict['/'] = local.assetsDict['/assets.index.template.html']","                .replace((/\\{\\{env\\.(\\w+?)\\}\\}/g), function (match0, match1) {","                    // jslint-hack","                    String(match0);","                    switch (match1) {","                    case 'npm_package_description':","                        return 'the greatest app in the world!';","                    case 'npm_package_name':","                        return 'my-app';","                    case 'npm_package_nameAlias':","                        return 'my_app';","                    case 'npm_package_version':","                        return '0.0.1';","                    }","                });","        }","        // run the cli","        if (local.global.utility2_rollup || module !== require.main) {","            break;","        }","        local.assetsDict['/assets.example.js'] =","            local.assetsDict['/assets.example.js'] ||","            local.fs.readFileSync(__filename, 'utf8');","        // bug-workaround - long $npm_package_buildCustomOrg","        /* jslint-ignore-begin */","        local.assetsDict['/assets.npmtest_kue.rollup.js'] =","            local.assetsDict['/assets.npmtest_kue.rollup.js'] ||","            local.fs.readFileSync(","                local.npmtest_kue.__dirname + '/lib.npmtest_kue.js',","                'utf8'","            ).replace((/^#!/), '//');","        /* jslint-ignore-end */","        local.assetsDict['/favicon.ico'] = local.assetsDict['/favicon.ico'] || '';","        // if $npm_config_timeout_exit exists,","        // then exit this process after $npm_config_timeout_exit ms","        if (Number(process.env.npm_config_timeout_exit)) {","            setTimeout(process.exit, Number(process.env.npm_config_timeout_exit));","        }","        // start server","        if (local.global.utility2_serverHttp1) {","            break;","        }","        process.env.PORT = process.env.PORT || '8081';","        console.error('server starting on port ' + process.env.PORT);","        local.http.createServer(function (request, response) {","            request.urlParsed = local.url.parse(request.url);","            if (local.assetsDict[request.urlParsed.pathname] !== undefined) {","                response.end(local.assetsDict[request.urlParsed.pathname]);","                return;","            }","            response.statusCode = 404;","            response.end();","        }).listen(process.env.PORT);","        break;","    }","}());",""],"l":{"26":2,"28":2,"33":2,"35":2,"37":2,"38":2,"39":2,"44":1,"51":2,"55":2,"59":2,"61":2,"69":1,"70":2,"76":2,"79":2,"82":2,"83":2,"85":1,"89":2,"92":1,"93":1,"94":1,"96":1,"97":1,"100":1,"101":1,"103":1,"106":1,"108":2,"114":1,"116":1,"118":1,"123":1,"124":2,"125":2,"126":3,"127":3,"128":3,"129":3,"130":1,"133":3,"134":3,"139":3,"143":1,"144":3,"145":1,"149":1,"150":1,"158":1,"160":1,"161":1,"162":1,"164":1,"166":1,"258":1,"259":1,"271":1,"274":6,"275":6,"277":1,"279":2,"281":1,"283":2,"288":1,"289":1,"291":1,"296":1,"303":1,"306":1,"307":1,"310":1,"311":1,"313":1,"314":1,"315":1,"316":1,"317":1,"318":1,"319":1,"321":1,"322":1,"324":1}},"/home/travis/build/npmtest/node-npmtest-kue/node_modules/kue/index.js":{"path":"/home/travis/build/npmtest/node-npmtest-kue/node_modules/kue/index.js","s":{"1":1},"b":{},"f":{},"fnMap":{},"statementMap":{"1":{"start":{"line":1,"column":0},"end":{"line":1,"column":38}}},"branchMap":{},"code":["module.exports = require('./lib/kue');"],"l":{"1":1}},"/home/travis/build/npmtest/node-npmtest-kue/node_modules/kue/lib/kue.js":{"path":"/home/travis/build/npmtest/node-npmtest-kue/node_modules/kue/lib/kue.js","s":{"1":1,"2":1,"3":1,"4":1,"5":1,"6":1,"7":0,"8":1,"9":1,"10":0,"11":0,"12":0,"13":0,"14":1,"15":1,"16":0,"17":0,"18":0,"19":0,"20":0,"21":0,"22":0,"23":0,"24":0,"25":0,"26":0,"27":1,"28":1,"29":0,"30":1,"31":1,"32":0,"33":0,"34":0,"35":1,"36":0,"37":1,"38":0,"39":0,"40":0,"41":0,"42":0,"43":1,"44":0,"45":0,"46":0,"47":0,"48":0,"49":0,"50":0,"51":0,"52":0,"53":0,"54":0,"55":0,"56":0,"57":0,"58":0,"59":0,"60":0,"61":0,"62":0,"63":0,"64":1,"65":0,"66":0,"67":0,"68":0,"69":0,"70":0,"71":0,"72":0,"73":0,"74":0,"75":0,"76":0,"77":0,"78":0,"79":0,"80":0,"81":0,"82":0,"83":0,"84":0,"85":0,"86":0,"87":0,"88":0,"89":0,"90":0,"91":0,"92":0,"93":0,"94":0,"95":1,"96":0,"97":0,"98":0,"99":0,"100":0,"101":0,"102":0,"103":0,"104":0,"105":0,"106":0,"107":0,"108":0,"109":1,"110":0,"111":0,"112":0,"113":1,"114":0,"115":0,"116":0,"117":0,"118":0,"119":0,"120":0,"121":0,"122":0,"123":0,"124":0,"125":0,"126":0,"127":1,"128":0,"129":0,"130":0,"131":0,"132":0,"133":0,"134":0,"135":0,"136":0,"137":0,"138":0,"139":0,"140":0,"141":0,"142":0,"143":0,"144":0,"145":0,"146":0,"147":0,"148":0,"149":0,"150":0,"151":0,"152":0,"153":0,"154":0,"155":0,"156":0,"157":0,"158":0,"159":0,"160":0,"161":0,"162":0,"163":0,"164":0,"165":0,"166":0,"167":0,"168":0,"169":0,"170":0,"171":0,"172":0,"173":0,"174":1,"175":0,"176":0,"177":0,"178":1,"179":0,"180":0,"181":0,"182":0,"183":0,"184":0,"185":0,"186":1,"187":0,"188":0,"189":0,"190":0,"191":0,"192":1,"193":0,"194":0,"195":0,"196":1,"197":0,"198":0,"199":0,"200":1,"201":0,"202":1,"203":0,"204":1,"205":0,"206":1,"207":0,"208":1,"209":0,"210":1,"211":0,"212":0,"213":0,"214":0,"215":1,"216":0,"217":0,"218":0,"219":0,"220":1,"221":0,"222":0,"223":0,"224":0,"225":1,"226":0,"227":0,"228":0,"229":0,"230":1,"231":0,"232":0,"233":0,"234":0,"235":1},"b":{"1":[0,0],"2":[0,0],"3":[0,0],"4":[0,0],"5":[0,0],"6":[0,0],"7":[0,0],"8":[0,0],"9":[0,0],"10":[0,0],"11":[0,0],"12":[0,0],"13":[0,0],"14":[0,0],"15":[0,0],"16":[0,0],"17":[0,0],"18":[0,0],"19":[0,0],"20":[0,0],"21":[0,0],"22":[0,0],"23":[0,0],"24":[0,0],"25":[0,0],"26":[0,0],"27":[0,0],"28":[0,0],"29":[0,0],"30":[0,0],"31":[0,0],"32":[0,0],"33":[0,0],"34":[0,0],"35":[0,0],"36":[0,0],"37":[0,0],"38":[0,0],"39":[0,0],"40":[0,0],"41":[0,0],"42":[0,0],"43":[0,0],"44":[0,0],"45":[0,0],"46":[0,0],"47":[0,0],"48":[0,0],"49":[0,0],"50":[0,0],"51":[0,0],"52":[0,0],"53":[0,0],"54":[0,0],"55":[0,0],"56":[0,0],"57":[0,0],"58":[0,0],"59":[0,0],"60":[0,0]},"f":{"1":0,"2":0,"3":0,"4":0,"5":0,"6":0,"7":0,"8":0,"9":0,"10":0,"11":0,"12":0,"13":0,"14":0,"15":0,"16":0,"17":0,"18":0,"19":0,"20":0,"21":0,"22":0,"23":0,"24":0,"25":0,"26":0,"27":0,"28":0,"29":0,"30":0,"31":0,"32":0,"33":0,"34":0,"35":0,"36":0,"37":0,"38":0,"39":0,"40":0,"41":0,"42":0,"43":0,"44":0,"45":0,"46":0,"47":0,"48":0,"49":0,"50":0,"51":0,"52":0,"53":0,"54":0,"55":0},"fnMap":{"1":{"name":"(anonymous_1)","line":19,"loc":{"start":{"line":19,"column":19},"end":{"line":19,"column":29}}},"2":{"name":"(anonymous_2)","line":50,"loc":{"start":{"line":50,"column":7},"end":{"line":50,"column":18}}},"3":{"name":"(anonymous_3)","line":68,"loc":{"start":{"line":68,"column":22},"end":{"line":68,"column":42}}},"4":{"name":"Queue","line":88,"loc":{"start":{"line":88,"column":0},"end":{"line":88,"column":26}}},"5":{"name":"(anonymous_5)","line":118,"loc":{"start":{"line":118,"column":30},"end":{"line":118,"column":53}}},"6":{"name":"(anonymous_6)","line":129,"loc":{"start":{"line":129,"column":21},"end":{"line":129,"column":39}}},"7":{"name":"(anonymous_7)","line":142,"loc":{"start":{"line":142,"column":26},"end":{"line":142,"column":44}}},"8":{"name":"(anonymous_8)","line":150,"loc":{"start":{"line":150,"column":30},"end":{"line":150,"column":41}}},"9":{"name":"(anonymous_9)","line":168,"loc":{"start":{"line":168,"column":36},"end":{"line":168,"column":65}}},"10":{"name":"(anonymous_10)","line":177,"loc":{"start":{"line":177,"column":33},"end":{"line":177,"column":44}}},"11":{"name":"(anonymous_11)","line":178,"loc":{"start":{"line":178,"column":44},"end":{"line":178,"column":68}}},"12":{"name":"(anonymous_12)","line":186,"loc":{"start":{"line":186,"column":94},"end":{"line":186,"column":115}}},"13":{"name":"(anonymous_13)","line":190,"loc":{"start":{"line":190,"column":22},"end":{"line":190,"column":37}}},"14":{"name":"(anonymous_14)","line":192,"loc":{"start":{"line":192,"column":24},"end":{"line":192,"column":45}}},"15":{"name":"(anonymous_15)","line":207,"loc":{"start":{"line":207,"column":36},"end":{"line":207,"column":59}}},"16":{"name":"(anonymous_16)","line":215,"loc":{"start":{"line":215,"column":40},"end":{"line":215,"column":51}}},"17":{"name":"(anonymous_17)","line":216,"loc":{"start":{"line":216,"column":48},"end":{"line":216,"column":72}}},"18":{"name":"(anonymous_18)","line":225,"loc":{"start":{"line":225,"column":98},"end":{"line":225,"column":119}}},"19":{"name":"(anonymous_19)","line":229,"loc":{"start":{"line":229,"column":45},"end":{"line":229,"column":55}}},"20":{"name":"(anonymous_20)","line":235,"loc":{"start":{"line":235,"column":43},"end":{"line":235,"column":58}}},"21":{"name":"(anonymous_21)","line":240,"loc":{"start":{"line":240,"column":40},"end":{"line":240,"column":50}}},"22":{"name":"(anonymous_22)","line":241,"loc":{"start":{"line":241,"column":34},"end":{"line":241,"column":48}}},"23":{"name":"(anonymous_23)","line":243,"loc":{"start":{"line":243,"column":26},"end":{"line":243,"column":47}}},"24":{"name":"(anonymous_24)","line":250,"loc":{"start":{"line":250,"column":22},"end":{"line":250,"column":37}}},"25":{"name":"(anonymous_25)","line":270,"loc":{"start":{"line":270,"column":33},"end":{"line":270,"column":48}}},"26":{"name":"(anonymous_26)","line":296,"loc":{"start":{"line":296,"column":32},"end":{"line":296,"column":53}}},"27":{"name":"(anonymous_27)","line":300,"loc":{"start":{"line":300,"column":39},"end":{"line":300,"column":50}}},"28":{"name":"(anonymous_28)","line":301,"loc":{"start":{"line":301,"column":29},"end":{"line":301,"column":52}}},"29":{"name":"(anonymous_29)","line":318,"loc":{"start":{"line":318,"column":26},"end":{"line":318,"column":47}}},"30":{"name":"(anonymous_30)","line":333,"loc":{"start":{"line":333,"column":26},"end":{"line":333,"column":50}}},"31":{"name":"(anonymous_31)","line":341,"loc":{"start":{"line":341,"column":23},"end":{"line":341,"column":39}}},"32":{"name":"(anonymous_32)","line":344,"loc":{"start":{"line":344,"column":30},"end":{"line":344,"column":46}}},"33":{"name":"(anonymous_33)","line":366,"loc":{"start":{"line":366,"column":27},"end":{"line":366,"column":57}}},"34":{"name":"(anonymous_34)","line":377,"loc":{"start":{"line":377,"column":21},"end":{"line":377,"column":32}}},"35":{"name":"(anonymous_35)","line":388,"loc":{"start":{"line":388,"column":16},"end":{"line":388,"column":27}}},"36":{"name":"(anonymous_36)","line":405,"loc":{"start":{"line":405,"column":7},"end":{"line":405,"column":23}}},"37":{"name":"(anonymous_37)","line":433,"loc":{"start":{"line":433,"column":25},"end":{"line":433,"column":44}}},"38":{"name":"(anonymous_38)","line":453,"loc":{"start":{"line":453,"column":24},"end":{"line":453,"column":39}}},"39":{"name":"(anonymous_39)","line":468,"loc":{"start":{"line":468,"column":24},"end":{"line":468,"column":46}}},"40":{"name":"(anonymous_40)","line":470,"loc":{"start":{"line":470,"column":65},"end":{"line":470,"column":82}}},"41":{"name":"(anonymous_41)","line":472,"loc":{"start":{"line":472,"column":16},"end":{"line":472,"column":28}}},"42":{"name":"(anonymous_42)","line":488,"loc":{"start":{"line":488,"column":27},"end":{"line":488,"column":42}}},"43":{"name":"(anonymous_43)","line":489,"loc":{"start":{"line":489,"column":57},"end":{"line":489,"column":76}}},"44":{"name":"(anonymous_44)","line":506,"loc":{"start":{"line":506,"column":29},"end":{"line":506,"column":57}}},"45":{"name":"(anonymous_45)","line":521,"loc":{"start":{"line":521,"column":23},"end":{"line":521,"column":45}}},"46":{"name":"(anonymous_46)","line":534,"loc":{"start":{"line":534,"column":27},"end":{"line":534,"column":42}}},"47":{"name":"(anonymous_47)","line":545,"loc":{"start":{"line":545,"column":25},"end":{"line":545,"column":40}}},"48":{"name":"(anonymous_48)","line":556,"loc":{"start":{"line":556,"column":27},"end":{"line":556,"column":42}}},"49":{"name":"(anonymous_49)","line":567,"loc":{"start":{"line":567,"column":25},"end":{"line":567,"column":40}}},"50":{"name":"(anonymous_50)","line":578,"loc":{"start":{"line":578,"column":26},"end":{"line":578,"column":41}}},"51":{"name":"(anonymous_51)","line":590,"loc":{"start":{"line":590,"column":32},"end":{"line":590,"column":53}}},"52":{"name":"(anonymous_52)","line":607,"loc":{"start":{"line":607,"column":30},"end":{"line":607,"column":51}}},"53":{"name":"(anonymous_53)","line":623,"loc":{"start":{"line":623,"column":32},"end":{"line":623,"column":53}}},"54":{"name":"(anonymous_54)","line":639,"loc":{"start":{"line":639,"column":30},"end":{"line":639,"column":51}}},"55":{"name":"(anonymous_55)","line":655,"loc":{"start":{"line":655,"column":31},"end":{"line":655,"column":52}}}},"statementMap":{"1":{"start":{"line":12,"column":0},"end":{"line":19,"column":32}},"2":{"start":{"line":25,"column":0},"end":{"line":25,"column":33}},"3":{"start":{"line":31,"column":0},"end":{"line":31,"column":53}},"4":{"start":{"line":37,"column":0},"end":{"line":37,"column":18}},"5":{"start":{"line":43,"column":0},"end":{"line":43,"column":8}},"6":{"start":{"line":49,"column":0},"end":{"line":53,"column":3}},"7":{"start":{"line":51,"column":4},"end":{"line":51,"column":44}},"8":{"start":{"line":59,"column":0},"end":{"line":59,"column":22}},"9":{"start":{"line":68,"column":0},"end":{"line":75,"column":2}},"10":{"start":{"line":69,"column":2},"end":{"line":71,"column":3}},"11":{"start":{"line":70,"column":4},"end":{"line":70,"column":41}},"12":{"start":{"line":72,"column":2},"end":{"line":72,"column":21}},"13":{"start":{"line":73,"column":2},"end":{"line":73,"column":25}},"14":{"start":{"line":80,"column":0},"end":{"line":80,"column":21}},"15":{"start":{"line":88,"column":0},"end":{"line":100,"column":1}},"16":{"start":{"line":89,"column":2},"end":{"line":89,"column":30}},"17":{"start":{"line":90,"column":2},"end":{"line":90,"column":38}},"18":{"start":{"line":91,"column":2},"end":{"line":91,"column":71}},"19":{"start":{"line":92,"column":2},"end":{"line":92,"column":28}},"20":{"start":{"line":93,"column":2},"end":{"line":93,"column":27}},"21":{"start":{"line":94,"column":2},"end":{"line":94,"column":38}},"22":{"start":{"line":95,"column":2},"end":{"line":95,"column":28}},"23":{"start":{"line":96,"column":2},"end":{"line":96,"column":54}},"24":{"start":{"line":97,"column":2},"end":{"line":97,"column":75}},"25":{"start":{"line":98,"column":2},"end":{"line":98,"column":40}},"26":{"start":{"line":99,"column":2},"end":{"line":99,"column":66}},"27":{"start":{"line":106,"column":0},"end":{"line":106,"column":51}},"28":{"start":{"line":117,"column":0},"end":{"line":120,"column":4}},"29":{"start":{"line":119,"column":4},"end":{"line":119,"column":31}},"30":{"start":{"line":128,"column":0},"end":{"line":128,"column":47}},"31":{"start":{"line":129,"column":0},"end":{"line":132,"column":2}},"32":{"start":{"line":130,"column":2},"end":{"line":130,"column":53}},"33":{"start":{"line":130,"column":34},"end":{"line":130,"column":53}},"34":{"start":{"line":131,"column":2},"end":{"line":131,"column":35}},"35":{"start":{"line":142,"column":0},"end":{"line":144,"column":2}},"36":{"start":{"line":143,"column":2},"end":{"line":143,"column":131}},"37":{"start":{"line":150,"column":0},"end":{"line":157,"column":2}},"38":{"start":{"line":151,"column":2},"end":{"line":154,"column":3}},"39":{"start":{"line":152,"column":4},"end":{"line":152,"column":43}},"40":{"start":{"line":153,"column":4},"end":{"line":153,"column":51}},"41":{"start":{"line":155,"column":2},"end":{"line":155,"column":50}},"42":{"start":{"line":156,"column":2},"end":{"line":156,"column":50}},"43":{"start":{"line":168,"column":0},"end":{"line":204,"column":2}},"44":{"start":{"line":169,"column":2},"end":{"line":169,"column":44}},"45":{"start":{"line":170,"column":2},"end":{"line":175,"column":52}},"46":{"start":{"line":176,"column":2},"end":{"line":176,"column":31}},"47":{"start":{"line":177,"column":2},"end":{"line":203,"column":14}},"48":{"start":{"line":178,"column":4},"end":{"line":202,"column":7}},"49":{"start":{"line":179,"column":6},"end":{"line":183,"column":7}},"50":{"start":{"line":181,"column":8},"end":{"line":181,"column":32}},"51":{"start":{"line":182,"column":8},"end":{"line":182,"column":15}},"52":{"start":{"line":184,"column":6},"end":{"line":201,"column":7}},"53":{"start":{"line":186,"column":8},"end":{"line":198,"column":11}},"54":{"start":{"line":187,"column":10},"end":{"line":187,"column":51}},"55":{"start":{"line":187,"column":35},"end":{"line":187,"column":51}},"56":{"start":{"line":189,"column":10},"end":{"line":189,"column":53}},"57":{"start":{"line":190,"column":10},"end":{"line":197,"column":13}},"58":{"start":{"line":191,"column":12},"end":{"line":191,"column":38}},"59":{"start":{"line":192,"column":12},"end":{"line":196,"column":15}},"60":{"start":{"line":193,"column":14},"end":{"line":193,"column":42}},"61":{"start":{"line":193,"column":24},"end":{"line":193,"column":42}},"62":{"start":{"line":194,"column":14},"end":{"line":194,"column":43}},"63":{"start":{"line":195,"column":14},"end":{"line":195,"column":37}},"64":{"start":{"line":207,"column":0},"end":{"line":260,"column":2}},"65":{"start":{"line":208,"column":2},"end":{"line":208,"column":45}},"66":{"start":{"line":209,"column":2},"end":{"line":213,"column":53}},"67":{"start":{"line":214,"column":2},"end":{"line":214,"column":41}},"68":{"start":{"line":215,"column":2},"end":{"line":259,"column":14}},"69":{"start":{"line":216,"column":4},"end":{"line":258,"column":7}},"70":{"start":{"line":217,"column":6},"end":{"line":221,"column":7}},"71":{"start":{"line":219,"column":8},"end":{"line":219,"column":32}},"72":{"start":{"line":220,"column":8},"end":{"line":220,"column":15}},"73":{"start":{"line":222,"column":6},"end":{"line":257,"column":7}},"74":{"start":{"line":225,"column":8},"end":{"line":254,"column":11}},"75":{"start":{"line":226,"column":10},"end":{"line":226,"column":51}},"76":{"start":{"line":226,"column":35},"end":{"line":226,"column":51}},"77":{"start":{"line":228,"column":10},"end":{"line":228,"column":41}},"78":{"start":{"line":229,"column":10},"end":{"line":233,"column":13}},"79":{"start":{"line":230,"column":12},"end":{"line":230,"column":62}},"80":{"start":{"line":231,"column":12},"end":{"line":231,"column":55}},"81":{"start":{"line":232,"column":12},"end":{"line":232,"column":31}},"82":{"start":{"line":235,"column":10},"end":{"line":238,"column":13}},"83":{"start":{"line":236,"column":12},"end":{"line":236,"column":65}},"84":{"start":{"line":237,"column":12},"end":{"line":237,"column":23}},"85":{"start":{"line":240,"column":10},"end":{"line":248,"column":20}},"86":{"start":{"line":241,"column":12},"end":{"line":247,"column":15}},"87":{"start":{"line":242,"column":14},"end":{"line":242,"column":40}},"88":{"start":{"line":243,"column":14},"end":{"line":246,"column":17}},"89":{"start":{"line":244,"column":16},"end":{"line":244,"column":44}},"90":{"start":{"line":244,"column":26},"end":{"line":244,"column":44}},"91":{"start":{"line":245,"column":16},"end":{"line":245,"column":88}},"92":{"start":{"line":250,"column":10},"end":{"line":253,"column":13}},"93":{"start":{"line":251,"column":12},"end":{"line":251,"column":38}},"94":{"start":{"line":252,"column":12},"end":{"line":252,"column":44}},"95":{"start":{"line":270,"column":0},"end":{"line":307,"column":2}},"96":{"start":{"line":271,"column":2},"end":{"line":273,"column":26}},"97":{"start":{"line":274,"column":2},"end":{"line":274,"column":34}},"98":{"start":{"line":276,"column":2},"end":{"line":279,"column":3}},"99":{"start":{"line":278,"column":4},"end":{"line":278,"column":32}},"100":{"start":{"line":280,"column":2},"end":{"line":294,"column":25}},"101":{"start":{"line":295,"column":2},"end":{"line":295,"column":38}},"102":{"start":{"line":296,"column":2},"end":{"line":306,"column":16}},"103":{"start":{"line":297,"column":4},"end":{"line":299,"column":5}},"104":{"start":{"line":298,"column":6},"end":{"line":298,"column":37}},"105":{"start":{"line":300,"column":4},"end":{"line":304,"column":22}},"106":{"start":{"line":301,"column":6},"end":{"line":303,"column":20}},"107":{"start":{"line":302,"column":8},"end":{"line":302,"column":61}},"108":{"start":{"line":302,"column":18},"end":{"line":302,"column":61}},"109":{"start":{"line":318,"column":0},"end":{"line":322,"column":2}},"110":{"start":{"line":319,"column":2},"end":{"line":319,"column":18}},"111":{"start":{"line":320,"column":2},"end":{"line":320,"column":61}},"112":{"start":{"line":321,"column":2},"end":{"line":321,"column":14}},"113":{"start":{"line":333,"column":0},"end":{"line":354,"column":2}},"114":{"start":{"line":334,"column":2},"end":{"line":334,"column":18}},"115":{"start":{"line":336,"column":2},"end":{"line":336,"column":45}},"116":{"start":{"line":336,"column":31},"end":{"line":336,"column":45}},"117":{"start":{"line":338,"column":2},"end":{"line":352,"column":3}},"118":{"start":{"line":339,"column":4},"end":{"line":339,"column":50}},"119":{"start":{"line":340,"column":4},"end":{"line":340,"column":70}},"120":{"start":{"line":341,"column":4},"end":{"line":343,"column":7}},"121":{"start":{"line":342,"column":6},"end":{"line":342,"column":30}},"122":{"start":{"line":344,"column":4},"end":{"line":349,"column":7}},"123":{"start":{"line":346,"column":6},"end":{"line":348,"column":7}},"124":{"start":{"line":347,"column":8},"end":{"line":347,"column":86}},"125":{"start":{"line":351,"column":4},"end":{"line":351,"column":30}},"126":{"start":{"line":353,"column":2},"end":{"line":353,"column":21}},"127":{"start":{"line":366,"column":0},"end":{"line":443,"column":2}},"128":{"start":{"line":367,"column":2},"end":{"line":368,"column":33}},"129":{"start":{"line":369,"column":2},"end":{"line":376,"column":3}},"130":{"start":{"line":370,"column":4},"end":{"line":370,"column":22}},"131":{"start":{"line":371,"column":4},"end":{"line":371,"column":17}},"132":{"start":{"line":372,"column":4},"end":{"line":372,"column":19}},"133":{"start":{"line":373,"column":9},"end":{"line":376,"column":3}},"134":{"start":{"line":374,"column":4},"end":{"line":374,"column":16}},"135":{"start":{"line":375,"column":4},"end":{"line":375,"column":14}},"136":{"start":{"line":377,"column":2},"end":{"line":378,"column":6}},"137":{"start":{"line":380,"column":2},"end":{"line":382,"column":3}},"138":{"start":{"line":381,"column":4},"end":{"line":381,"column":57}},"139":{"start":{"line":384,"column":2},"end":{"line":386,"column":3}},"140":{"start":{"line":385,"column":4},"end":{"line":385,"column":29}},"141":{"start":{"line":388,"column":2},"end":{"line":402,"column":4}},"142":{"start":{"line":389,"column":4},"end":{"line":401,"column":5}},"143":{"start":{"line":390,"column":6},"end":{"line":390,"column":27}},"144":{"start":{"line":391,"column":6},"end":{"line":391,"column":27}},"145":{"start":{"line":392,"column":6},"end":{"line":392,"column":32}},"146":{"start":{"line":393,"column":6},"end":{"line":393,"column":29}},"147":{"start":{"line":394,"column":6},"end":{"line":394,"column":27}},"148":{"start":{"line":396,"column":6},"end":{"line":396,"column":20}},"149":{"start":{"line":397,"column":6},"end":{"line":397,"column":40}},"150":{"start":{"line":398,"column":6},"end":{"line":398,"column":25}},"151":{"start":{"line":399,"column":6},"end":{"line":399,"column":48}},"152":{"start":{"line":400,"column":6},"end":{"line":400,"column":29}},"153":{"start":{"line":405,"column":2},"end":{"line":413,"column":4}},"154":{"start":{"line":406,"column":4},"end":{"line":408,"column":5}},"155":{"start":{"line":407,"column":6},"end":{"line":407,"column":25}},"156":{"start":{"line":409,"column":4},"end":{"line":412,"column":5}},"157":{"start":{"line":410,"column":6},"end":{"line":410,"column":16}},"158":{"start":{"line":411,"column":6},"end":{"line":411,"column":36}},"159":{"start":{"line":416,"column":2},"end":{"line":426,"column":3}},"160":{"start":{"line":417,"column":4},"end":{"line":420,"column":5}},"161":{"start":{"line":418,"column":6},"end":{"line":418,"column":35}},"162":{"start":{"line":419,"column":6},"end":{"line":419,"column":27}},"163":{"start":{"line":421,"column":4},"end":{"line":424,"column":5}},"164":{"start":{"line":422,"column":6},"end":{"line":422,"column":45}},"165":{"start":{"line":423,"column":6},"end":{"line":423,"column":37}},"166":{"start":{"line":428,"column":2},"end":{"line":440,"column":3}},"167":{"start":{"line":429,"column":4},"end":{"line":429,"column":14}},"168":{"start":{"line":430,"column":4},"end":{"line":430,"column":13}},"169":{"start":{"line":433,"column":4},"end":{"line":439,"column":7}},"170":{"start":{"line":434,"column":6},"end":{"line":438,"column":7}},"171":{"start":{"line":435,"column":8},"end":{"line":435,"column":37}},"172":{"start":{"line":437,"column":8},"end":{"line":437,"column":19}},"173":{"start":{"line":442,"column":2},"end":{"line":442,"column":14}},"174":{"start":{"line":453,"column":0},"end":{"line":457,"column":2}},"175":{"start":{"line":454,"column":2},"end":{"line":454,"column":18}},"176":{"start":{"line":455,"column":2},"end":{"line":455,"column":60}},"177":{"start":{"line":456,"column":2},"end":{"line":456,"column":14}},"178":{"start":{"line":468,"column":0},"end":{"line":478,"column":2}},"179":{"start":{"line":469,"column":2},"end":{"line":469,"column":18}},"180":{"start":{"line":470,"column":2},"end":{"line":476,"column":5}},"181":{"start":{"line":471,"column":4},"end":{"line":471,"column":22}},"182":{"start":{"line":472,"column":4},"end":{"line":474,"column":9}},"183":{"start":{"line":473,"column":8},"end":{"line":473,"column":49}},"184":{"start":{"line":475,"column":4},"end":{"line":475,"column":21}},"185":{"start":{"line":477,"column":2},"end":{"line":477,"column":14}},"186":{"start":{"line":488,"column":0},"end":{"line":494,"column":2}},"187":{"start":{"line":489,"column":2},"end":{"line":492,"column":5}},"188":{"start":{"line":490,"column":4},"end":{"line":490,"column":29}},"189":{"start":{"line":490,"column":14},"end":{"line":490,"column":29}},"190":{"start":{"line":491,"column":4},"end":{"line":491,"column":30}},"191":{"start":{"line":493,"column":2},"end":{"line":493,"column":14}},"192":{"start":{"line":506,"column":0},"end":{"line":510,"column":2}},"193":{"start":{"line":507,"column":2},"end":{"line":507,"column":18}},"194":{"start":{"line":508,"column":2},"end":{"line":508,"column":74}},"195":{"start":{"line":509,"column":2},"end":{"line":509,"column":14}},"196":{"start":{"line":521,"column":0},"end":{"line":525,"column":2}},"197":{"start":{"line":522,"column":2},"end":{"line":522,"column":18}},"198":{"start":{"line":523,"column":2},"end":{"line":523,"column":61}},"199":{"start":{"line":524,"column":2},"end":{"line":524,"column":14}},"200":{"start":{"line":534,"column":0},"end":{"line":536,"column":2}},"201":{"start":{"line":535,"column":2},"end":{"line":535,"column":36}},"202":{"start":{"line":545,"column":0},"end":{"line":547,"column":2}},"203":{"start":{"line":546,"column":2},"end":{"line":546,"column":34}},"204":{"start":{"line":556,"column":0},"end":{"line":558,"column":2}},"205":{"start":{"line":557,"column":2},"end":{"line":557,"column":36}},"206":{"start":{"line":567,"column":0},"end":{"line":569,"column":2}},"207":{"start":{"line":568,"column":2},"end":{"line":568,"column":34}},"208":{"start":{"line":578,"column":0},"end":{"line":580,"column":2}},"209":{"start":{"line":579,"column":2},"end":{"line":579,"column":35}},"210":{"start":{"line":590,"column":0},"end":{"line":596,"column":2}},"211":{"start":{"line":591,"column":2},"end":{"line":594,"column":3}},"212":{"start":{"line":592,"column":4},"end":{"line":592,"column":14}},"213":{"start":{"line":593,"column":4},"end":{"line":593,"column":37}},"214":{"start":{"line":595,"column":2},"end":{"line":595,"column":47}},"215":{"start":{"line":607,"column":0},"end":{"line":613,"column":2}},"216":{"start":{"line":608,"column":2},"end":{"line":611,"column":3}},"217":{"start":{"line":609,"column":4},"end":{"line":609,"column":14}},"218":{"start":{"line":610,"column":4},"end":{"line":610,"column":35}},"219":{"start":{"line":612,"column":2},"end":{"line":612,"column":45}},"220":{"start":{"line":623,"column":0},"end":{"line":629,"column":2}},"221":{"start":{"line":624,"column":2},"end":{"line":627,"column":3}},"222":{"start":{"line":625,"column":4},"end":{"line":625,"column":14}},"223":{"start":{"line":626,"column":4},"end":{"line":626,"column":37}},"224":{"start":{"line":628,"column":2},"end":{"line":628,"column":47}},"225":{"start":{"line":639,"column":0},"end":{"line":645,"column":2}},"226":{"start":{"line":640,"column":2},"end":{"line":643,"column":3}},"227":{"start":{"line":641,"column":4},"end":{"line":641,"column":14}},"228":{"start":{"line":642,"column":4},"end":{"line":642,"column":35}},"229":{"start":{"line":644,"column":2},"end":{"line":644,"column":45}},"230":{"start":{"line":655,"column":0},"end":{"line":661,"column":2}},"231":{"start":{"line":656,"column":2},"end":{"line":659,"column":3}},"232":{"start":{"line":657,"column":4},"end":{"line":657,"column":14}},"233":{"start":{"line":658,"column":4},"end":{"line":658,"column":36}},"234":{"start":{"line":660,"column":2},"end":{"line":660,"column":46}},"235":{"start":{"line":668,"column":0},"end":{"line":668,"column":56}}},"branchMap":{"1":{"line":51,"type":"binary-expr","locations":[{"start":{"line":51,"column":11},"end":{"line":51,"column":14}},{"start":{"line":51,"column":19},"end":{"line":51,"column":42}}]},"2":{"line":69,"type":"if","locations":[{"start":{"line":69,"column":2},"end":{"line":69,"column":2}},{"start":{"line":69,"column":2},"end":{"line":69,"column":2}}]},"3":{"line":89,"type":"binary-expr","locations":[{"start":{"line":89,"column":16},"end":{"line":89,"column":23}},{"start":{"line":89,"column":27},"end":{"line":89,"column":29}}]},"4":{"line":90,"type":"binary-expr","locations":[{"start":{"line":90,"column":16},"end":{"line":90,"column":28}},{"start":{"line":90,"column":32},"end":{"line":90,"column":37}}]},"5":{"line":97,"type":"cond-expr","locations":[{"start":{"line":97,"column":36},"end":{"line":97,"column":69}},{"start":{"line":97,"column":72},"end":{"line":97,"column":74}}]},"6":{"line":130,"type":"if","locations":[{"start":{"line":130,"column":2},"end":{"line":130,"column":2}},{"start":{"line":130,"column":2},"end":{"line":130,"column":2}}]},"7":{"line":151,"type":"if","locations":[{"start":{"line":151,"column":2},"end":{"line":151,"column":2}},{"start":{"line":151,"column":2},"end":{"line":151,"column":2}}]},"8":{"line":169,"type":"binary-expr","locations":[{"start":{"line":169,"column":21},"end":{"line":169,"column":37}},{"start":{"line":169,"column":41},"end":{"line":169,"column":43}}]},"9":{"line":172,"type":"binary-expr","locations":[{"start":{"line":172,"column":21},"end":{"line":172,"column":46}},{"start":{"line":172,"column":50},"end":{"line":172,"column":54}}]},"10":{"line":175,"type":"binary-expr","locations":[{"start":{"line":175,"column":21},"end":{"line":175,"column":43}},{"start":{"line":175,"column":47},"end":{"line":175,"column":51}}]},"11":{"line":179,"type":"if","locations":[{"start":{"line":179,"column":6},"end":{"line":179,"column":6}},{"start":{"line":179,"column":6},"end":{"line":179,"column":6}}]},"12":{"line":184,"type":"if","locations":[{"start":{"line":184,"column":6},"end":{"line":184,"column":6}},{"start":{"line":184,"column":6},"end":{"line":184,"column":6}}]},"13":{"line":187,"type":"if","locations":[{"start":{"line":187,"column":10},"end":{"line":187,"column":10}},{"start":{"line":187,"column":10},"end":{"line":187,"column":10}}]},"14":{"line":187,"type":"binary-expr","locations":[{"start":{"line":187,"column":14},"end":{"line":187,"column":17}},{"start":{"line":187,"column":21},"end":{"line":187,"column":32}}]},"15":{"line":193,"type":"if","locations":[{"start":{"line":193,"column":14},"end":{"line":193,"column":14}},{"start":{"line":193,"column":14},"end":{"line":193,"column":14}}]},"16":{"line":208,"type":"binary-expr","locations":[{"start":{"line":208,"column":28},"end":{"line":208,"column":38}},{"start":{"line":208,"column":42},"end":{"line":208,"column":44}}]},"17":{"line":211,"type":"binary-expr","locations":[{"start":{"line":211,"column":28},"end":{"line":211,"column":47}},{"start":{"line":211,"column":51},"end":{"line":211,"column":55}}]},"18":{"line":213,"type":"binary-expr","locations":[{"start":{"line":213,"column":28},"end":{"line":213,"column":44}},{"start":{"line":213,"column":48},"end":{"line":213,"column":52}}]},"19":{"line":217,"type":"if","locations":[{"start":{"line":217,"column":6},"end":{"line":217,"column":6}},{"start":{"line":217,"column":6},"end":{"line":217,"column":6}}]},"20":{"line":222,"type":"if","locations":[{"start":{"line":222,"column":6},"end":{"line":222,"column":6}},{"start":{"line":222,"column":6},"end":{"line":222,"column":6}}]},"21":{"line":226,"type":"if","locations":[{"start":{"line":226,"column":10},"end":{"line":226,"column":10}},{"start":{"line":226,"column":10},"end":{"line":226,"column":10}}]},"22":{"line":226,"type":"binary-expr","locations":[{"start":{"line":226,"column":14},"end":{"line":226,"column":17}},{"start":{"line":226,"column":21},"end":{"line":226,"column":32}}]},"23":{"line":231,"type":"binary-expr","locations":[{"start":{"line":23
[...]
progress', n, data);","  return this;","};","","/**"," * Set the job delay in `ms`."," *"," * @param {Number|Date} delay in ms or execution date"," * @return {Job|Number}"," * @api public"," */","","Job.prototype.delay = function( ms ) {","  if( 0 == arguments.length ) return this._delay;","  if( _.isDate(ms) ) {","    ms = parseInt(ms.getTime() - Date.now())","  }","  if( ms > 0 ) {","    this._delay = ms;","  }","  return this;","};","","/**"," * Sets the jobEvents flag for the job."," * Can be used to override the global exports.jobEvents setting"," *"," * @param  {Boolean} events True if job events should be emitted, false if job events should not be emitted."," * @return {Job}        Returns `this` for chaining"," */","Job.prototype.events = function (events) {","  this._jobEvents = !!events;","  return this;","};","","Job.prototype.removeOnComplete = function( param ) {","  if( 0 == arguments.length ) return this._removeOnComplete;","  this._removeOnComplete = param;","  return this;","};","","Job.prototype.backoff = function( param ) {","  if( 0 == arguments.length ) return this._backoff;","  this._backoff = param;","  return this;","};","","/**"," *"," * @param param"," * @returns {*}"," */","Job.prototype.ttl = function( param ) {","  if( 0 == arguments.length ) return this._ttl;","  if( param > 0 ) {","    this._ttl = param;","  }","  return this;","};","","Job.prototype._getBackoffImpl = function() {","  var supported_backoffs = {","    fixed: function( delay ) {","      return function( attempts ) {","        return delay;","      };","    }","    , exponential: function( delay ) {","      return function( attempts ) {","        return Math.round(delay * 0.5 * ( Math.pow(2, attempts) - 1));","      };","    }","  };","  if( _.isPlainObject(this._backoff) ) {","    return supported_backoffs[ this._backoff.type ](this._backoff.delay || this._delay);","  } else {","    return this._backoff;","  }","};","","/**"," * Set or get the priority `level`, which is one"," * of \"low\", \"normal\", \"medium\", and \"high\", or"," * a number in the range of -10..10."," *"," * @param {String|Number} level"," * @return {Job|Number} for chaining"," * @api public"," */","","Job.prototype.priority = function( level ) {","  if( 0 == arguments.length ) return this._priority;","  this._priority = null == priorities[ level ]","    ? level","    : priorities[ level ];","  return this;","};","","/**"," * Increment attempts, invoking callback `fn(remaining, attempts, max)`."," *"," * @param {Function} fn"," * @return {Job} for chaining"," * @api public"," */","","Job.prototype.attempt = function( fn ) {","  var client = this.client","    , id     = this.id","    , key    = client.getKey('job:' + id);","","  this._attempts = this._attempts || 0;","  if( this._attempts < this._max_attempts ) {","    client.hincrby(key, 'attempts', 1, function( err, attempts ) {","      this._attempts = attempts;","      fn(err, Math.max(0, this._max_attempts - attempts), attempts, this._max_attempts);","    }.bind(this));","  } else {","    fn(null, 0, this._attempts, this._max_attempts);","  }","  return this;","};","","","/**"," * Try to reattempt the job seand called onFailedAttempt, or call onFailed"," * @param remaining total left attempts"," * @param attempts"," * @param onFailedAttempt"," * @param onFailed"," * @param clbk"," */","","Job.prototype.reattempt = function( attempts, clbk ) {","  clbk = clbk || noop;","  if( this.backoff() ) {","    var delay = this.delay();","    if( _.isFunction(this._getBackoffImpl()) ) {","      try {","        delay = this._getBackoffImpl().apply(this, [ attempts ]);","      } catch(e) {","        clbk(e);","      }","    }","    var self = this;","    this.delay(delay).update(function( err ) {","      if( err ) return clbk(err);","      self.delayed(clbk);","    });","  } else {","    this.inactive(clbk);","  }","};","","/**"," * Set max attempts to `n`."," *"," * @param {Number} n"," * @return {Job} for chaining"," * @api public"," */","","Job.prototype.attempts = function( n ) {","  this._max_attempts = n;","  return this;","};","","","Job.prototype.failedAttempt = function( theErr, fn ) {","  this.error(theErr).failed(function() {","    this.attempt(function( error, remaining, attempts/*, max*/ ) {","      if( error ) {","        this.emit( 'error', error );","        return fn && fn( error );","      }","      if( remaining > 0 ) {","        this.reattempt(attempts, function( err ) {","          if( err ) {","            this.emit( 'error', err );","            return fn && fn( err );","          }","          fn && fn( err, true, attempts );","        }.bind(this));","      } else if( remaining === 0 )  {","        fn && fn( null, false, attempts );","      } else {","        fn && fn( new Error('Attempts Exceeded') );","      }","    }.bind(this));","  }.bind(this));","  return this;","};","","Job.prototype.searchKeys = function( keys ) {","  if( 0 == arguments.length ) return this._searchKeys;","  this._searchKeys = keys || [];","  if( !_.isArray(this._searchKeys) ) {","    this._searchKeys = [ this._searchKeys ];","  }","  return this;","};","","/**"," * Remove the job and callback `fn(err)`."," *"," * @param {Function} fn"," * @return {Job} for chaining"," * @api public"," */","","Job.prototype.remove = function( fn ) {","  var client = this.client;","  client.multi()","    .zrem(client.getKey('jobs:' + this.state()), this.zid)","    .zrem(client.getKey('jobs:' + this.type + ':' + this.state()), this.zid)","    .zrem(client.getKey('jobs'), this.zid)","    .del(client.getKey('job:' + this.id + ':log'))","    .del(client.getKey('job:' + this.id))","    .exec(function( err ) {","//            events.remove(this);","      events.emit(this.id, 'remove', this.type);","      if( !exports.disableSearch ) {","        getSearch().remove(this.id, fn);","      } else {","        fn && fn(err);","      }","    }.bind(this));","  return this;","};","","/**"," * Set state to `state`."," *"," * @param {String} state"," * @param fn"," * @return {Job} for chaining"," * @api public"," */","Job.prototype.state = function( state, fn ) {","  if( 0 == arguments.length ) return this._state;","  var client   = this.client","    , fn       = fn || noop;","  var oldState = this._state;","  var multi    = client.multi();","  if( oldState && oldState != '' && oldState != state ) {","    multi","      .zrem(client.getKey('jobs:' + oldState), this.zid)","      .zrem(client.getKey('jobs:' + this.type + ':' + oldState), this.zid);","  }","  multi","    .hset(client.getKey('job:' + this.id), 'state', state)","    .zadd(client.getKey('jobs:' + state), this._priority, this.zid)","    .zadd(client.getKey('jobs:' + this.type + ':' + state), this._priority, this.zid);","","  // use promote_at as score when job moves to delayed","  ('delayed' === state) ? multi.zadd(client.getKey('jobs:' + state), parseInt(this.promote_at), this.zid) : noop();","  ('active' === state && this._ttl > 0) ? multi.zadd(client.getKey('jobs:' + state), Date.now() + parseInt(this._ttl), this.zid) : noop();","  ('active' === state && !this._ttl) ? multi.zadd(client.getKey('jobs:' + state), this._priority<0?this._priority:-this._priority, this.zid) : noop();","  ('inactive' === state) ? multi.lpush(client.getKey(this.type + ':jobs'), 1) : noop();","","  this.set('updated_at', Date.now());","  this._state = state;","  multi.exec(function( err, replies ) {","    if( !err ) {","      (this._state === 'inactive') ? events.emit(this.id, 'enqueue', this.type) : noop();","    }","    return fn(err);","  }.bind(this));","  return this;","};","","/**"," * Set the job's failure `err`."," *"," * @param {Error} err"," * @return {Job} for chaining"," * @api public"," */","","Job.prototype.error = function( err ) {","  var str, summary;","  if( 0 == arguments.length ) return this._error;","","  if( 'string' == typeof err ) {","    str     = err;","    summary = '';","  } else {","    if( err.stack && 'string' === typeof err.stack ) {","      str = err.stack","    } else { //TODO what happens to CallSite[] err.stack?","      str = err.message","    }","    summary = ('string' === typeof str) ? str.split('\\n')[ 0 ] : '';","  }","  this.set('error', str);","  this.log('%s', summary);","  events.emit(this.id, 'error', str);","  return this;","};","","/**"," * Set state to \"complete\", and progress to 100%."," */","","Job.prototype.complete = function( clbk ) {","  return this.set('progress', 100).state('complete', clbk);","};","","/**"," * Set state to \"failed\"."," */","","Job.prototype.failed = function( clbk ) {","  this.failed_at = Date.now();","  return this.set('failed_at', this.failed_at).state('failed', clbk);","};","","/**"," * Set state to \"inactive\"."," */","","Job.prototype.inactive = function( clbk ) {","  return this.state('inactive', clbk);","};","","/**"," * Set state to \"active\"."," */","","Job.prototype.active = function( clbk ) {","  return this.state('active', clbk);","};","","/**"," * Set state to \"delayed\"."," */","","Job.prototype.delayed = function( clbk ) {","  return this.state('delayed', clbk);","};","","/**"," * Save the job, optionally invoking the callback `fn(err)`."," *"," * @param {Function} fn"," * @return {Job} for chaining"," * @api public"," */","","Job.prototype.save = function( fn ) {","  var client = this.client","    , fn     = fn || noop","    , max    = this._max_attempts","    , self   = this;","","  // update","  if( this.id ) return this.update(fn);","","  // incr id","  client.incr(client.getKey('ids'), function( err, id ) {","    if( err ) return fn(err);","    // add the job for event mapping","    self.id = id;","    self.zid = client.createFIFO(id);","    self.subscribe(function() {","      self._state     = self._state || (this._delay ? 'delayed' : 'inactive');","      if( max ) { self.set('max_attempts', max); }","      client.sadd(client.getKey('job:types'), self.type, noop);","      self.set('type', self.type);","      var now         = Date.now();","      self.created_at = now;","      self.set('created_at', self.created_at);","      self.promote_at = now + (self._delay || 0);","      self.set('promote_at', self.promote_at);","      self.update(fn);","    }.bind(this));","  }.bind(this));","  return this;","};","","/**"," * Update the job and callback `fn(err)`."," *"," * @param {Function} fn"," * @api public"," */","","Job.prototype.update = function( fn ) {","  var json;","","  // serialize json data","  try {","    json = JSON.stringify(this.data);","  } catch(err) {","    fn(err);","    return this;","  }","","  // delay","  if( this._delay ) {","    this.set('delay', this._delay);","    if( this.created_at ) {","      var timestamp   = parseInt(this.failed_at || this.created_at, 10)","        , delay       = parseInt(this._delay);","      this.promote_at = timestamp + delay;","      this.set('promote_at', this.promote_at);","    }","  }","  if( this._ttl ) {","    this.set('ttl', this._ttl);","  }","  if( this._removeOnComplete ) this.set('removeOnComplete', this._removeOnComplete);","  if( this._backoff ) {","    if( _.isPlainObject(this._backoff) ) this.set('backoff', JSON.stringify(this._backoff));","    else this.set('backoff', this._backoff.toString());","  }","","  // updated timestamp","  this.set('updated_at', Date.now());","  this.refreshTtl();","","  // priority","  this.set('priority', this._priority);","","  this.client.zadd(this.client.getKey('jobs'), this._priority, this.zid, noop);","","  // data","  this.set('data', json, function() {","    // state","    this.state(this._state, fn);","  }.bind(this));","","  if( !exports.disableSearch ) {","    if( this.searchKeys() ) {","      this.searchKeys().forEach(function( key ) {","        var value = _.get(this.data, key);","        if( !_.isString(value) ) {","          value = JSON.stringify(value);","        }","        getSearch().index(value, this.id);","      }.bind(this));","    } else {","      getSearch().index(json, this.id);","    }","  }","  return this;","};","","/**"," * Subscribe this job for event mapping."," *"," * @return {Job} for chaining"," * @api public"," */","","Job.prototype.subscribe = function( callback ) {","  if( this._jobEvents ) {","    events.add(this, callback);","  } else {","    callback && callback();","  }","  return this;","};",""],"l":{"12":1,"23":1,"26":1,"29":1,"34":1,"35":1,"36":0,"37":0,"38":0,"39":0,"46":1,"59":1,"60":0,"61":0,"62":0,"64":0,"65":0,"67":0,"81":1,"82":0,"83":0,"84":0,"86":0,"87":0,"88":0,"89":0,"90":0,"91":0,"93":0,"95":0,"115":1,"116":0,"131":1,"132":0,"148":1,"149":0,"161":1,"162":0,"163":0,"164":0,"166":0,"169":0,"170":0,"171":0,"172":0,"173":0,"174":0,"175":0,"177":0,"178":0,"179":0,"183":0,"184":0,"185":0,"186":0,"187":0,"188":0,"189":0,"190":0,"191":0,"192":0,"193":0,"194":0,"195":0,"196":0,"197":0,"198":0,"199":0,"200":0,"201":0,"202":0,"203":0,"204":0,"205":0,"207":0,"210":0,"212":0,"224":1,"225":0,"226":0,"227":0,"242":0,"243":0,"255":1,"256":0,"257":0,"258":0,"259":0,"260":0,"273":1,"275":0,"286":1,"287":0,"288":0,"289":0,"290":0,"292":0,"293":0,"294":0,"302":1,"311":1,"312":0,"340":1,"341":0,"370":1,"371":0,"372":0,"374":0,"376":0,"377":0,"378":0,"391":1,"392":0,"393":0,"405":1,"406":0,"407":0,"422":1,"423":0,"424":0,"425":0,"429":0,"431":0,"432":0,"433":0,"434":0,"445":1,"446":0,"447":0,"448":0,"450":0,"451":0,"453":0,"463":1,"464":0,"465":0,"468":1,"469":0,"470":0,"471":0,"474":1,"475":0,"476":0,"477":0,"485":1,"486":0,"487":0,"488":0,"490":0,"493":1,"494":0,"496":0,"497":0,"501":0,"502":0,"506":0,"507":0,"509":0,"523":1,"524":0,"525":0,"528":0,"539":1,"540":0,"544":0,"545":0,"546":0,"547":0,"548":0,"551":0,"553":0,"566":1,"567":0,"568":0,"569":0,"570":0,"571":0,"572":0,"574":0,"577":0,"578":0,"579":0,"580":0,"583":0,"595":1,"596":0,"597":0,"601":1,"602":0,"603":0,"604":0,"605":0,"606":0,"608":0,"609":0,"610":0,"611":0,"612":0,"614":0,"616":0,"617":0,"619":0,"623":0,"626":1,"627":0,"628":0,"629":0,"630":0,"632":0,"643":1,"644":0,"645":0,"653":0,"654":0,"655":0,"657":0,"660":0,"671":1,"672":0,"673":0,"675":0,"676":0,"677":0,"678":0,"682":0,"688":0,"689":0,"690":0,"691":0,"693":0,"694":0,"695":0,"696":0,"697":0,"699":0,"701":0,"712":1,"713":0,"714":0,"716":0,"717":0,"718":0,"720":0,"721":0,"723":0,"725":0,"727":0,"728":0,"729":0,"730":0,"737":1,"738":0,"745":1,"746":0,"747":0,"754":1,"755":0,"762":1,"763":0,"770":1,"771":0,"782":1,"783":0,"789":0,"792":0,"793":0,"795":0,"796":0,"797":0,"798":0,"799":0,"800":0,"801":0,"802":0,"803":0,"804":0,"805":0,"806":0,"807":0,"810":0,"820":1,"821":0,"824":0,"825":0,"827":0,"828":0,"832":0,"833":0,"834":0,"835":0,"837":0,"838":0,"841":0,"842":0,"844":0,"845":0,"846":0,"847":0,"851":0,"852":0,"855":0,"857":0,"860":0,"862":0,"865":0,"866":0,"867":0,"868":0,"869":0,"870":0,"872":0,"875":0,"878":0,"888":1,"889":0,"890":0,"892":0,"894":0}},"/home/travis/build/npmtest/node-npmtest-kue/node_modules/kue/lib/queue/test_mode.js":{"path":"/home/travis/build/npmtest/node-npmtest-kue/node_modules/kue/lib/queue/test_mode.js","s":{"1":1,"2":1,"3":1,"4":0,"5":0,"6":0,"7":0,"8":0,"9":0,"10":0,"11":1,"12":0,"13":0,"14":0,"15":0,"16":1,"17":1,"18":1,"19":0,"20":0,"21":0,"22":1,"23":0,"24":0,"25":1,"26":0},"b":{"1":[0,0],"2":[0,0],"3":[0,0],"4":[0,0],"5":[0,0]},"f":{"1":0,"2":0,"3":0,"4":0,"5":0},"fnMap":{"1":{"name":"testJobSave","line":9,"loc":{"start":{"line":9,"column":0},"end":{"line":9,"column":27}}},"2":{"name":"testJobUpdate","line":20,"loc":{"start":{"line":20,"column":0},"end":{"line":20,"column":29}}},"3":{"name":"(anonymous_3)","line":41,"loc":{"start":{"line":41,"column":23},"end":{"line":41,"column":41}}},"4":{"name":"(anonymous_4)","line":52,"loc":{"start":{"line":52,"column":22},"end":{"line":52,"column":33}}},"5":{"name":"(anonymous_5)","line":62,"loc":{"start":{"line":62,"column":23},"end":{"line":62,"column":34}}}},"statementMap":{"1":{"start":{"line":1,"column":0},"end":{"line":2,"column":28}},"2":{"start":{"line":4,"column":0},"end":{"line":7,"column":9}},"3":{"start":{"line":9,"column":0},"end":{"line":18,"column":1}},"4":{"start":{"line":10,"column":2},"end":{"line":17,"column":3}},"5":{"start":{"line":11,"column":4},"end":{"line":11,"column":20}},"6":{"start":{"line":12,"column":4},"end":{"line":12,"column":35}},"7":{"start":{"line":14,"column":4},"end":{"line":14,"column":27}},"8":{"start":{"line":15,"column":4},"end":{"line":15,"column":20}},"9":{"start":{"line":16,"column":4},"end":{"line":16,"column":32}},"10":{"start":{"line":16,"column":27},"end":{"line":16,"column":32}},"11":{"start":{"line":20,"column":0},"end":{"line":26,"column":1}},"12":{"start":{"line":21,"column":2},"end":{"line":25,"column":3}},"13":{"start":{"line":22,"column":4},"end":{"line":22,"column":37}},"14":{"start":{"line":24,"column":4},"end":{"line":24,"column":32}},"15":{"start":{"line":24,"column":27},"end":{"line":24,"column":32}},"16":{"start":{"line":33,"column":0},"end":{"line":33,"column":32}},"17":{"start":{"line":34,"column":0},"end":{"line":34,"column":51}},"18":{"start":{"line":41,"column":0},"end":{"line":45,"column":2}},"19":{"start":{"line":42,"column":2},"end":{"line":42,"column":42}},"20":{"start":{"line":43,"column":2},"end":{"line":43,"column":37}},"21":{"start":{"line":44,"column":2},"end":{"line":44,"column":39}},"22":{"start":{"line":52,"column":0},"end":{"line":55,"column":2}},"23":{"start":{"line":53,"column":2},"end":{"line":53,"column":41}},"24":{"start":{"line":54,"column":2},"end":{"line":54,"column":43}},"25":{"start":{"line":62,"column":0},"end":{"line":64,"column":2}},"26":{"start":{"line":63,"column":2},"end":{"line":63,"column":18}}},"branchMap":{"1":{"line":10,"type":"if","locations":[{"start":{"line":10,"column":2},"end":{"line":10,"column":2}},{"start":{"line":10,"column":2},"end":{"line":10,"column":2}}]},"2":{"line":16,"type":"if","locations":[{"start":{"line":16,"column":4},"end":{"line":16,"column":4}},{"start":{"line":16,"column":4},"end":{"line":16,"column":4}}]},"3":{"line":21,"type":"if","locations":[{"start":{"line":21,"column":2},"end":{"line":21,"column":2}},{"start":{"line":21,"column":2},"end":{"line":21,"column":2}}]},"4":{"line":24,"type":"if","locations":[{"start":{"line":24,"column":4},"end":{"line":24,"column":4}},{"start":{"line":24,"column":4},"end":{"line":24,"column":4}}]},"5":{"line":42,"type":"binary-expr","locations":[{"start":{"line":42,"column":25},"end":{"line":42,"column":32}},{"start":{"line":42,"column":36},"end":{"line":42,"column":41}}]}},"code":["var Job = require('./job'),","    _   = require('lodash');","","var originalJobSave   = Job.prototype.save,","    originalJobUpdate = Job.prototype.update,","    processQueue,","    jobs;","","function testJobSave( fn ) {","  if(processQueue) {","    jobs.push(this);","    originalJobSave.call(this, fn);","  } else {","    this.id = _.uniqueId();","    jobs.push(this);","    if( _.isFunction(fn) ) fn();    ","  }","};","","function testJobUpdate( fn ) {","  if(processQueue) {","    originalJobUpdate.call(this, fn);","  } else {","    if( _.isFunction(fn) ) fn();","  }","};","","/**"," * Array of jobs added to the queue"," * @api public"," */","","module.exports.jobs = jobs = [];","module.exports.processQueue = processQueue = false;","","/**"," * Enable test mode."," * @api public"," */","","module.exports.enter = function(process) {","  processQueue         = process || false;","  Job.prototype.save   = testJobSave;","  Job.prototype.update = testJobUpdate;","};","","/**"," * Disable test mode."," * @api public"," */","","module.exports.exit = function() {","  Job.prototype.save   = originalJobSave;","  Job.prototype.update = originalJobUpdate;","};","","/**"," * Clear the array of queued jobs"," * @api public"," */","","module.exports.clear = function() {","  jobs.length = 0;","};",""],"l":{"1":1,"4":1,"9":1,"10":0,"11":0,"12":0,"14":0,"15":0,"16":0,"20":1,"21":0,"22":0,"24":0,"33":1,"34":1,"41":1,"42":0,"43":0,"44":0,"52":1,"53":0,"54":0,"62":1,"63":0}}}